{"timestamp":"2026-01-23T02:31:37.545Z","level":"HTTP","message":"GET /health - 200 (45ms)","meta":{"method":"GET","url":"/health","status":200,"responseTime":"45ms","userAgent":"axios/1.13.2","ip":"::1"},"pid":11208,"memory":59273216,"uptime":96.1230575}
{"timestamp":"2026-01-23T02:31:48.510Z","level":"HTTP","message":"POST /invite - 403 (10619ms)","meta":{"method":"POST","url":"/invite","status":403,"responseTime":"10619ms","userAgent":"axios/1.13.2","ip":"::1"},"pid":11208,"memory":61009920,"uptime":107.085547}
{"timestamp":"2026-01-23T02:31:48.587Z","level":"HTTP","message":"POST /invite - 401 (4ms)","meta":{"method":"POST","url":"/invite","status":401,"responseTime":"4ms","userAgent":"axios/1.13.2","ip":"::1"},"pid":11208,"memory":61235200,"uptime":107.1627908}
{"timestamp":"2026-01-23T02:31:48.759Z","level":"HTTP","message":"POST /invite - 401 (7ms)","meta":{"method":"POST","url":"/invite","status":401,"responseTime":"7ms","userAgent":"axios/1.13.2","ip":"::1"},"pid":11208,"memory":61583360,"uptime":107.335283}
{"timestamp":"2026-01-23T02:31:49.020Z","level":"HTTP","message":"POST /complete-registration - 500 (27ms)","meta":{"method":"POST","url":"/complete-registration","status":500,"responseTime":"27ms","userAgent":"axios/1.13.2","ip":"::1"},"pid":11208,"memory":61763584,"uptime":107.5962318}
{"timestamp":"2026-01-23T02:31:49.245Z","level":"HTTP","message":"POST /complete-registration - 500 (79ms)","meta":{"method":"POST","url":"/complete-registration","status":500,"responseTime":"79ms","userAgent":"axios/1.13.2","ip":"::1"},"pid":11208,"memory":61804544,"uptime":107.8210136}
{"timestamp":"2026-01-23T02:31:49.539Z","level":"HTTP","message":"POST /complete-registration - 400 (59ms)","meta":{"method":"POST","url":"/complete-registration","status":400,"responseTime":"59ms","userAgent":"axios/1.13.2","ip":"::1"},"pid":11208,"memory":61829120,"uptime":108.1148653}
{"timestamp":"2026-01-23T02:32:12.240Z","level":"HTTP","message":"POST /login - 401 (21750ms)","meta":{"method":"POST","url":"/login","status":401,"responseTime":"21750ms","userAgent":"axios/1.13.2","ip":"::1"},"pid":11208,"memory":62099456,"uptime":130.8163611}
{"timestamp":"2026-01-23T02:32:34.540Z","level":"HTTP","message":"POST /login - 401 (21864ms)","meta":{"method":"POST","url":"/login","status":401,"responseTime":"21864ms","userAgent":"axios/1.13.2","ip":"::1"},"pid":11208,"memory":62394368,"uptime":153.1153393}
{"timestamp":"2026-01-23T02:32:57.725Z","level":"HTTP","message":"POST /login - 401 (22555ms)","meta":{"method":"POST","url":"/login","status":401,"responseTime":"22555ms","userAgent":"axios/1.13.2","ip":"::1"},"pid":11208,"memory":63393792,"uptime":176.3002998}
{"timestamp":"2026-01-23T02:33:20.536Z","level":"HTTP","message":"POST /login - 401 (21977ms)","meta":{"method":"POST","url":"/login","status":401,"responseTime":"21977ms","userAgent":"axios/1.13.2","ip":"::1"},"pid":11208,"memory":63795200,"uptime":199.1117032}
{"timestamp":"2026-01-23T02:33:43.392Z","level":"HTTP","message":"POST /login - 401 (22836ms)","meta":{"method":"POST","url":"/login","status":401,"responseTime":"22836ms","userAgent":"axios/1.13.2","ip":"::1"},"pid":11208,"memory":64106496,"uptime":221.9682141}
{"timestamp":"2026-01-23T02:33:43.927Z","level":"HTTP","message":"GET / - 404 (95ms)","meta":{"method":"GET","url":"/","status":404,"responseTime":"95ms","userAgent":"axios/1.13.2","ip":"::1"},"pid":11208,"memory":64110592,"uptime":222.5034304}
{"timestamp":"2026-01-23T02:33:44.094Z","level":"HTTP","message":"GET / - 404 (68ms)","meta":{"method":"GET","url":"/","status":404,"responseTime":"68ms","userAgent":"axios/1.13.2","ip":"::1"},"pid":11208,"memory":64163840,"uptime":222.6702638}
{"timestamp":"2026-01-23T02:33:44.259Z","level":"HTTP","message":"GET / - 404 (5ms)","meta":{"method":"GET","url":"/","status":404,"responseTime":"5ms","userAgent":"axios/1.13.2","ip":"::1"},"pid":11208,"memory":64163840,"uptime":222.8353768}
{"timestamp":"2026-01-23T02:33:45.374Z","level":"HTTP","message":"POST / - 404 (1027ms)","meta":{"method":"POST","url":"/","status":404,"responseTime":"1027ms","userAgent":"axios/1.13.2","ip":"::1"},"pid":11208,"memory":64348160,"uptime":223.9503314}
{"timestamp":"2026-01-23T02:33:47.797Z","level":"HTTP","message":"POST / - 404 (138ms)","meta":{"method":"POST","url":"/","status":404,"responseTime":"138ms","userAgent":"axios/1.13.2","ip":"::1"},"pid":11208,"memory":64585728,"uptime":226.3735617}
{"timestamp":"2026-01-23T02:33:48.459Z","level":"HTTP","message":"POST / - 404 (316ms)","meta":{"method":"POST","url":"/","status":404,"responseTime":"316ms","userAgent":"axios/1.13.2","ip":"::1"},"pid":11208,"memory":64589824,"uptime":227.0351821}
{"timestamp":"2026-01-23T02:34:01.313Z","level":"HTTP","message":"POST / - 500 (10935ms)","meta":{"method":"POST","url":"/","status":500,"responseTime":"10935ms","userAgent":"axios/1.13.2","ip":"::1"},"pid":11208,"memory":64946176,"uptime":239.8892047}
{"timestamp":"2026-01-23T02:34:01.334Z","level":"HTTP","message":"POST / - 400 (2ms)","meta":{"method":"POST","url":"/","status":400,"responseTime":"2ms","userAgent":"axios/1.13.2","ip":"::1"},"pid":11208,"memory":64962560,"uptime":239.9096453}
{"timestamp":"2026-01-23T02:34:01.354Z","level":"HTTP","message":"POST / - 400 (4ms)","meta":{"method":"POST","url":"/","status":400,"responseTime":"4ms","userAgent":"axios/1.13.2","ip":"::1"},"pid":11208,"memory":64974848,"uptime":239.929999}
{"timestamp":"2026-01-23T02:34:02.561Z","level":"HTTP","message":"POST /consultation-confirm - 200 (3ms)","meta":{"method":"POST","url":"/consultation-confirm","status":200,"responseTime":"3ms","userAgent":"axios/1.13.2","ip":"::1"},"pid":11208,"memory":64978944,"uptime":241.136613}
{"timestamp":"2026-01-23T02:34:02.974Z","level":"HTTP","message":"POST /meeting-reschedule - 200 (5ms)","meta":{"method":"POST","url":"/meeting-reschedule","status":200,"responseTime":"5ms","userAgent":"axios/1.13.2","ip":"::1"},"pid":11208,"memory":64983040,"uptime":241.549627}
{"timestamp":"2026-01-23T02:34:03.119Z","level":"HTTP","message":"POST /payment-confirm - 200 (3ms)","meta":{"method":"POST","url":"/payment-confirm","status":200,"responseTime":"3ms","userAgent":"axios/1.13.2","ip":"::1"},"pid":11208,"memory":64991232,"uptime":241.6955466}
{"timestamp":"2026-01-23T02:34:15.680Z","level":"HTTP","message":"POST / - 500 (11708ms)","meta":{"method":"POST","url":"/","status":500,"responseTime":"11708ms","userAgent":"axios/1.13.2","ip":"::1"},"pid":11208,"memory":66523136,"uptime":254.2564386}
{"timestamp":"2026-01-23T02:34:15.947Z","level":"HTTP","message":"POST / - 500 (12022ms)","meta":{"method":"POST","url":"/","status":500,"responseTime":"12022ms","userAgent":"axios/1.13.2","ip":"::1"},"pid":11208,"memory":66523136,"uptime":254.5227119}
{"timestamp":"2026-01-23T02:34:16.308Z","level":"HTTP","message":"POST / - 500 (12349ms)","meta":{"method":"POST","url":"/","status":500,"responseTime":"12349ms","userAgent":"axios/1.13.2","ip":"::1"},"pid":11208,"memory":66523136,"uptime":254.8840983}
{"timestamp":"2026-01-23T02:34:16.629Z","level":"HTTP","message":"POST / - 500 (12603ms)","meta":{"method":"POST","url":"/","status":500,"responseTime":"12603ms","userAgent":"axios/1.13.2","ip":"::1"},"pid":11208,"memory":66527232,"uptime":255.2051535}
{"timestamp":"2026-01-23T02:34:17.279Z","level":"HTTP","message":"POST / - 500 (12411ms)","meta":{"method":"POST","url":"/","status":500,"responseTime":"12411ms","userAgent":"axios/1.13.2","ip":"::1"},"pid":11208,"memory":66527232,"uptime":255.854946}
{"timestamp":"2026-01-23T02:34:17.613Z","level":"HTTP","message":"POST / - 500 (13168ms)","meta":{"method":"POST","url":"/","status":500,"responseTime":"13168ms","userAgent":"axios/1.13.2","ip":"::1"},"pid":11208,"memory":66527232,"uptime":256.1886375}
{"timestamp":"2026-01-23T02:34:18.107Z","level":"HTTP","message":"POST / - 500 (14018ms)","meta":{"method":"POST","url":"/","status":500,"responseTime":"14018ms","userAgent":"axios/1.13.2","ip":"::1"},"pid":11208,"memory":66748416,"uptime":256.6834895}
{"timestamp":"2026-01-23T02:34:18.631Z","level":"HTTP","message":"POST / - 500 (14605ms)","meta":{"method":"POST","url":"/","status":500,"responseTime":"14605ms","userAgent":"axios/1.13.2","ip":"::1"},"pid":11208,"memory":66748416,"uptime":257.2066281}
{"timestamp":"2026-01-23T02:34:19.010Z","level":"HTTP","message":"POST / - 500 (14032ms)","meta":{"method":"POST","url":"/","status":500,"responseTime":"14032ms","userAgent":"axios/1.13.2","ip":"::1"},"pid":11208,"memory":66748416,"uptime":257.5862511}
{"timestamp":"2026-01-23T02:34:19.457Z","level":"HTTP","message":"POST / - 500 (14633ms)","meta":{"method":"POST","url":"/","status":500,"responseTime":"14633ms","userAgent":"axios/1.13.2","ip":"::1"},"pid":11208,"memory":66752512,"uptime":258.0334436}
{"timestamp":"2026-01-23T02:34:31.381Z","level":"HTTP","message":"POST / - 500 (11711ms)","meta":{"method":"POST","url":"/","status":500,"responseTime":"11711ms","userAgent":"axios/1.13.2","ip":"::1"},"pid":11208,"memory":66662400,"uptime":269.95696}
{"timestamp":"2026-01-23T02:34:32.336Z","level":"HTTP","message":"GET /health - 200 (259ms)","meta":{"method":"GET","url":"/health","status":200,"responseTime":"259ms","userAgent":"axios/1.13.2","ip":"::1"},"pid":11208,"memory":66740224,"uptime":270.9125297}
{"timestamp":"2026-01-23T02:34:32.840Z","level":"HTTP","message":"GET /api/health - 200 (162ms)","meta":{"method":"GET","url":"/api/health","status":200,"responseTime":"162ms","userAgent":"axios/1.13.2","ip":"::1"},"pid":11208,"memory":66744320,"uptime":271.4160612}
{"timestamp":"2026-01-23T02:34:33.045Z","level":"HTTP","message":"POST /invite - 401 (32ms)","meta":{"method":"POST","url":"/invite","status":401,"responseTime":"32ms","userAgent":"axios/1.13.2","ip":"::1"},"pid":11208,"memory":66883584,"uptime":271.6210819}
{"timestamp":"2026-01-23T02:34:44.935Z","level":"HTTP","message":"POST /invite - 403 (11630ms)","meta":{"method":"POST","url":"/invite","status":403,"responseTime":"11630ms","userAgent":"axios/1.13.2","ip":"::1"},"pid":11208,"memory":66899968,"uptime":283.5110385}
{"timestamp":"2026-01-23T02:34:56.549Z","level":"HTTP","message":"GET /profile - 403 (10702ms)","meta":{"method":"GET","url":"/profile","status":403,"responseTime":"10702ms","userAgent":"axios/1.13.2","ip":"::1"},"pid":11208,"memory":67072000,"uptime":295.1249134}
{"timestamp":"2026-01-23T02:34:56.752Z","level":"HTTP","message":"POST / - 404 (133ms)","meta":{"method":"POST","url":"/","status":404,"responseTime":"133ms","userAgent":"axios/1.13.2","ip":"::1"},"pid":11208,"memory":67076096,"uptime":295.3282306}
{"timestamp":"2026-01-23T02:34:57.131Z","level":"HTTP","message":"POST / - 400 (2ms)","meta":{"method":"POST","url":"/","status":400,"responseTime":"2ms","userAgent":"axios/1.13.2","ip":"::1"},"pid":11208,"memory":67080192,"uptime":295.7068326}
{"timestamp":"2026-01-23T02:35:07.735Z","level":"HTTP","message":"POST / - 500 (10585ms)","meta":{"method":"POST","url":"/","status":500,"responseTime":"10585ms","userAgent":"axios/1.13.2","ip":"::1"},"pid":11208,"memory":67108864,"uptime":306.3113616}
{"timestamp":"2026-01-23T02:35:07.754Z","level":"HTTP","message":"POST /consultation-confirm - 200 (3ms)","meta":{"method":"POST","url":"/consultation-confirm","status":200,"responseTime":"3ms","userAgent":"axios/1.13.2","ip":"::1"},"pid":11208,"memory":67112960,"uptime":306.3304795}
{"timestamp":"2026-01-23T02:35:10.671Z","level":"HTTP","message":"POST / - 404 (184ms)","meta":{"method":"POST","url":"/","status":404,"responseTime":"184ms","userAgent":"axios/1.13.2","ip":"::1"},"pid":11208,"memory":67313664,"uptime":309.246898}
{"timestamp":"2026-01-23T02:35:11.267Z","level":"HTTP","message":"GET /test-document - 401 (323ms)","meta":{"method":"GET","url":"/test-document","status":401,"responseTime":"323ms","userAgent":"axios/1.13.2","ip":"::1"},"pid":11208,"memory":67313664,"uptime":309.8429213}
{"timestamp":"2026-01-23T02:55:15.412Z","level":"HTTP","message":"GET /health - 200 (3ms)","meta":{"method":"GET","url":"/health","status":200,"responseTime":"3ms","userAgent":"axios/1.13.2","ip":"::1"},"pid":11208,"memory":67678208,"uptime":1513.9883437}
{"timestamp":"2026-01-23T02:55:25.929Z","level":"HTTP","message":"POST /invite - 403 (10460ms)","meta":{"method":"POST","url":"/invite","status":403,"responseTime":"10460ms","userAgent":"axios/1.13.2","ip":"::1"},"pid":11208,"memory":67792896,"uptime":1524.504408}
{"timestamp":"2026-01-23T02:55:25.978Z","level":"HTTP","message":"POST /invite - 401 (8ms)","meta":{"method":"POST","url":"/invite","status":401,"responseTime":"8ms","userAgent":"axios/1.13.2","ip":"::1"},"pid":11208,"memory":67792896,"uptime":1524.553295}
{"timestamp":"2026-01-23T02:55:26.210Z","level":"HTTP","message":"POST /invite - 401 (168ms)","meta":{"method":"POST","url":"/invite","status":401,"responseTime":"168ms","userAgent":"axios/1.13.2","ip":"::1"},"pid":11208,"memory":67792896,"uptime":1524.7851322}
{"timestamp":"2026-01-23T02:55:26.294Z","level":"HTTP","message":"POST /complete-registration - 500 (38ms)","meta":{"method":"POST","url":"/complete-registration","status":500,"responseTime":"38ms","userAgent":"axios/1.13.2","ip":"::1"},"pid":11208,"memory":67928064,"uptime":1524.8698483}
{"timestamp":"2026-01-23T02:55:26.345Z","level":"HTTP","message":"POST /complete-registration - 500 (16ms)","meta":{"method":"POST","url":"/complete-registration","status":500,"responseTime":"16ms","userAgent":"axios/1.13.2","ip":"::1"},"pid":11208,"memory":67928064,"uptime":1524.9204831}
{"timestamp":"2026-01-23T02:55:26.367Z","level":"HTTP","message":"POST /complete-registration - 400 (6ms)","meta":{"method":"POST","url":"/complete-registration","status":400,"responseTime":"6ms","userAgent":"axios/1.13.2","ip":"::1"},"pid":11208,"memory":67928064,"uptime":1524.9424744}
{"timestamp":"2026-01-23T02:55:47.848Z","level":"HTTP","message":"POST /login - 401 (21463ms)","meta":{"method":"POST","url":"/login","status":401,"responseTime":"21463ms","userAgent":"axios/1.13.2","ip":"::1"},"pid":11208,"memory":67936256,"uptime":1546.4230457}
{"timestamp":"2026-01-23T02:56:09.273Z","level":"HTTP","message":"POST /login - 401 (21367ms)","meta":{"method":"POST","url":"/login","status":401,"responseTime":"21367ms","userAgent":"axios/1.13.2","ip":"::1"},"pid":11208,"memory":68026368,"uptime":1567.8481922}
{"timestamp":"2026-01-23T02:56:30.703Z","level":"HTTP","message":"POST /login - 401 (21372ms)","meta":{"method":"POST","url":"/login","status":401,"responseTime":"21372ms","userAgent":"axios/1.13.2","ip":"::1"},"pid":11208,"memory":68030464,"uptime":1589.2796896}
{"timestamp":"2026-01-23T02:56:52.189Z","level":"HTTP","message":"POST /login - 401 (21442ms)","meta":{"method":"POST","url":"/login","status":401,"responseTime":"21442ms","userAgent":"axios/1.13.2","ip":"::1"},"pid":11208,"memory":68083712,"uptime":1610.7653648}
{"timestamp":"2026-01-23T02:57:13.720Z","level":"HTTP","message":"POST /login - 401 (21508ms)","meta":{"method":"POST","url":"/login","status":401,"responseTime":"21508ms","userAgent":"axios/1.13.2","ip":"::1"},"pid":11208,"memory":68214784,"uptime":1632.3057023}
{"timestamp":"2026-01-23T02:57:13.917Z","level":"HTTP","message":"GET / - 404 (18ms)","meta":{"method":"GET","url":"/","status":404,"responseTime":"18ms","userAgent":"axios/1.13.2","ip":"::1"},"pid":11208,"memory":68214784,"uptime":1632.493377}
{"timestamp":"2026-01-23T02:57:14.018Z","level":"HTTP","message":"GET / - 404 (41ms)","meta":{"method":"GET","url":"/","status":404,"responseTime":"41ms","userAgent":"axios/1.13.2","ip":"::1"},"pid":11208,"memory":68214784,"uptime":1632.5939985}
{"timestamp":"2026-01-23T02:57:14.150Z","level":"HTTP","message":"GET / - 404 (54ms)","meta":{"method":"GET","url":"/","status":404,"responseTime":"54ms","userAgent":"axios/1.13.2","ip":"::1"},"pid":11208,"memory":68280320,"uptime":1632.7266587}
{"timestamp":"2026-01-23T02:57:14.315Z","level":"HTTP","message":"POST / - 404 (82ms)","meta":{"method":"POST","url":"/","status":404,"responseTime":"82ms","userAgent":"axios/1.13.2","ip":"::1"},"pid":11208,"memory":68296704,"uptime":1632.8915914}
{"timestamp":"2026-01-23T02:57:15.464Z","level":"HTTP","message":"POST / - 404 (39ms)","meta":{"method":"POST","url":"/","status":404,"responseTime":"39ms","userAgent":"axios/1.13.2","ip":"::1"},"pid":11208,"memory":68571136,"uptime":1634.0402154}
{"timestamp":"2026-01-23T02:57:15.596Z","level":"HTTP","message":"POST / - 404 (63ms)","meta":{"method":"POST","url":"/","status":404,"responseTime":"63ms","userAgent":"axios/1.13.2","ip":"::1"},"pid":11208,"memory":68571136,"uptime":1634.1717524}
{"timestamp":"2026-01-23T02:57:27.700Z","level":"HTTP","message":"POST / - 500 (10686ms)","meta":{"method":"POST","url":"/","status":500,"responseTime":"10686ms","userAgent":"axios/1.13.2","ip":"::1"},"pid":11208,"memory":68571136,"uptime":1646.2763913}
{"timestamp":"2026-01-23T02:57:27.798Z","level":"HTTP","message":"POST / - 400 (1ms)","meta":{"method":"POST","url":"/","status":400,"responseTime":"1ms","userAgent":"axios/1.13.2","ip":"::1"},"pid":11208,"memory":68583424,"uptime":1646.3744283}
{"timestamp":"2026-01-23T02:57:27.865Z","level":"HTTP","message":"POST / - 400 (7ms)","meta":{"method":"POST","url":"/","status":400,"responseTime":"7ms","userAgent":"axios/1.13.2","ip":"::1"},"pid":11208,"memory":68583424,"uptime":1646.4411284}
{"timestamp":"2026-01-23T02:57:27.915Z","level":"HTTP","message":"POST /consultation-confirm - 200 (2ms)","meta":{"method":"POST","url":"/consultation-confirm","status":200,"responseTime":"2ms","userAgent":"axios/1.13.2","ip":"::1"},"pid":11208,"memory":68583424,"uptime":1646.4916693}
{"timestamp":"2026-01-23T02:57:27.976Z","level":"HTTP","message":"POST /meeting-reschedule - 200 (2ms)","meta":{"method":"POST","url":"/meeting-reschedule","status":200,"responseTime":"2ms","userAgent":"axios/1.13.2","ip":"::1"},"pid":11208,"memory":68583424,"uptime":1646.553202}
{"timestamp":"2026-01-23T02:57:28.001Z","level":"HTTP","message":"POST /payment-confirm - 200 (2ms)","meta":{"method":"POST","url":"/payment-confirm","status":200,"responseTime":"2ms","userAgent":"axios/1.13.2","ip":"::1"},"pid":11208,"memory":68587520,"uptime":1646.5768533}
{"timestamp":"2026-01-23T02:57:38.983Z","level":"HTTP","message":"POST / - 500 (10898ms)","meta":{"method":"POST","url":"/","status":500,"responseTime":"10898ms","userAgent":"axios/1.13.2","ip":"::1"},"pid":11208,"memory":69185536,"uptime":1657.5586657}
{"timestamp":"2026-01-23T02:57:39.032Z","level":"HTTP","message":"POST / - 500 (10863ms)","meta":{"method":"POST","url":"/","status":500,"responseTime":"10863ms","userAgent":"axios/1.13.2","ip":"::1"},"pid":11208,"memory":69267456,"uptime":1657.6077622}
{"timestamp":"2026-01-23T02:57:39.080Z","level":"HTTP","message":"POST / - 500 (10907ms)","meta":{"method":"POST","url":"/","status":500,"responseTime":"10907ms","userAgent":"axios/1.13.2","ip":"::1"},"pid":11208,"memory":69267456,"uptime":1657.6556956}
{"timestamp":"2026-01-23T02:57:39.192Z","level":"HTTP","message":"POST / - 500 (10994ms)","meta":{"method":"POST","url":"/","status":500,"responseTime":"10994ms","userAgent":"axios/1.13.2","ip":"::1"},"pid":11208,"memory":69185536,"uptime":1657.7674692}
{"timestamp":"2026-01-23T02:57:39.247Z","level":"HTTP","message":"POST / - 500 (11086ms)","meta":{"method":"POST","url":"/","status":500,"responseTime":"11086ms","userAgent":"axios/1.13.2","ip":"::1"},"pid":11208,"memory":69189632,"uptime":1657.8229851}
{"timestamp":"2026-01-23T02:57:39.300Z","level":"HTTP","message":"POST / - 500 (11164ms)","meta":{"method":"POST","url":"/","status":500,"responseTime":"11164ms","userAgent":"axios/1.13.2","ip":"::1"},"pid":11208,"memory":69189632,"uptime":1657.8756143}
{"timestamp":"2026-01-23T02:57:39.365Z","level":"HTTP","message":"POST / - 500 (11243ms)","meta":{"method":"POST","url":"/","status":500,"responseTime":"11243ms","userAgent":"axios/1.13.2","ip":"::1"},"pid":11208,"memory":69189632,"uptime":1657.9407533}
{"timestamp":"2026-01-23T02:57:39.499Z","level":"HTTP","message":"POST / - 500 (11366ms)","meta":{"method":"POST","url":"/","status":500,"responseTime":"11366ms","userAgent":"axios/1.13.2","ip":"::1"},"pid":11208,"memory":69189632,"uptime":1658.0748993}
{"timestamp":"2026-01-23T02:57:39.766Z","level":"HTTP","message":"POST / - 500 (11577ms)","meta":{"method":"POST","url":"/","status":500,"responseTime":"11577ms","userAgent":"axios/1.13.2","ip":"::1"},"pid":11208,"memory":69201920,"uptime":1658.3410374}
{"timestamp":"2026-01-23T02:57:40.067Z","level":"HTTP","message":"POST / - 500 (11877ms)","meta":{"method":"POST","url":"/","status":500,"responseTime":"11877ms","userAgent":"axios/1.13.2","ip":"::1"},"pid":11208,"memory":69201920,"uptime":1658.6428724}
{"timestamp":"2026-01-23T02:57:51.078Z","level":"HTTP","message":"POST / - 500 (10893ms)","meta":{"method":"POST","url":"/","status":500,"responseTime":"10893ms","userAgent":"axios/1.13.2","ip":"::1"},"pid":11208,"memory":69206016,"uptime":1669.6532646}
{"timestamp":"2026-01-23T02:57:51.279Z","level":"HTTP","message":"GET /health - 200 (30ms)","meta":{"method":"GET","url":"/health","status":200,"responseTime":"30ms","userAgent":"axios/1.13.2","ip":"::1"},"pid":11208,"memory":69206016,"uptime":1669.8547077}
{"timestamp":"2026-01-23T02:57:51.329Z","level":"HTTP","message":"GET /api/health - 200 (9ms)","meta":{"method":"GET","url":"/api/health","status":200,"responseTime":"9ms","userAgent":"axios/1.13.2","ip":"::1"},"pid":11208,"memory":69206016,"uptime":1669.9048171}
{"timestamp":"2026-01-23T02:57:51.384Z","level":"HTTP","message":"POST /invite - 401 (16ms)","meta":{"method":"POST","url":"/invite","status":401,"responseTime":"16ms","userAgent":"axios/1.13.2","ip":"::1"},"pid":11208,"memory":69214208,"uptime":1669.9593704}
{"timestamp":"2026-01-23T02:58:02.231Z","level":"HTTP","message":"POST /invite - 403 (10787ms)","meta":{"method":"POST","url":"/invite","status":403,"responseTime":"10787ms","userAgent":"axios/1.13.2","ip":"::1"},"pid":11208,"memory":69218304,"uptime":1680.8061959}
{"timestamp":"2026-01-23T02:58:12.934Z","level":"HTTP","message":"GET /profile - 403 (10614ms)","meta":{"method":"GET","url":"/profile","status":403,"responseTime":"10614ms","userAgent":"axios/1.13.2","ip":"::1"},"pid":11208,"memory":69271552,"uptime":1691.5106216}
{"timestamp":"2026-01-23T02:58:13.100Z","level":"HTTP","message":"POST / - 404 (90ms)","meta":{"method":"POST","url":"/","status":404,"responseTime":"90ms","userAgent":"axios/1.13.2","ip":"::1"},"pid":11208,"memory":69279744,"uptime":1691.6750774}
{"timestamp":"2026-01-23T02:58:13.170Z","level":"HTTP","message":"POST / - 400 (2ms)","meta":{"method":"POST","url":"/","status":400,"responseTime":"2ms","userAgent":"axios/1.13.2","ip":"::1"},"pid":11208,"memory":69365760,"uptime":1691.7451588}
{"timestamp":"2026-01-23T02:58:23.522Z","level":"HTTP","message":"POST / - 500 (10323ms)","meta":{"method":"POST","url":"/","status":500,"responseTime":"10323ms","userAgent":"axios/1.13.2","ip":"::1"},"pid":11208,"memory":69312512,"uptime":1702.0976011}
{"timestamp":"2026-01-23T02:58:23.557Z","level":"HTTP","message":"POST /consultation-confirm - 200 (7ms)","meta":{"method":"POST","url":"/consultation-confirm","status":200,"responseTime":"7ms","userAgent":"axios/1.13.2","ip":"::1"},"pid":11208,"memory":69316608,"uptime":1702.1327659}
{"timestamp":"2026-01-23T02:58:23.761Z","level":"HTTP","message":"POST / - 404 (12ms)","meta":{"method":"POST","url":"/","status":404,"responseTime":"12ms","userAgent":"axios/1.13.2","ip":"::1"},"pid":11208,"memory":69275648,"uptime":1702.3366513}
{"timestamp":"2026-01-23T02:58:23.794Z","level":"HTTP","message":"GET /test-document - 401 (11ms)","meta":{"method":"GET","url":"/test-document","status":401,"responseTime":"11ms","userAgent":"axios/1.13.2","ip":"::1"},"pid":11208,"memory":69275648,"uptime":1702.3699417}
{"timestamp":"2026-01-23T02:58:59.603Z","level":"HTTP","message":"GET /health - 200 (11ms)","meta":{"method":"GET","url":"/health","status":200,"responseTime":"11ms","userAgent":"axios/1.13.2","ip":"::1"},"pid":11208,"memory":69279744,"uptime":1738.1784301}
{"timestamp":"2026-01-23T02:59:00.065Z","level":"HTTP","message":"GET /api/health - 200 (3ms)","meta":{"method":"GET","url":"/api/health","status":200,"responseTime":"3ms","userAgent":"axios/1.13.2","ip":"::1"},"pid":11208,"memory":69279744,"uptime":1738.6412753}
{"timestamp":"2026-01-23T02:59:14.307Z","level":"HTTP","message":"GET /profile - 403 (10809ms)","meta":{"method":"GET","url":"/profile","status":403,"responseTime":"10809ms","userAgent":"axios/1.13.2","ip":"::1"},"pid":11208,"memory":69701632,"uptime":1752.8828141}
{"timestamp":"2026-01-23T02:59:17.880Z","level":"HTTP","message":"GET /api/health - 200 (25ms)","meta":{"method":"GET","url":"/api/health","status":200,"responseTime":"25ms","userAgent":"axios/1.13.2","ip":"::1"},"pid":11208,"memory":70012928,"uptime":1756.4555051}
{"timestamp":"2026-01-23T02:59:29.265Z","level":"HTTP","message":"GET / - 403 (10981ms)","meta":{"method":"GET","url":"/","status":403,"responseTime":"10981ms","userAgent":"axios/1.13.2","ip":"::1"},"pid":11208,"memory":70021120,"uptime":1767.840551}
{"timestamp":"2026-01-23T02:59:30.497Z","level":"HTTP","message":"GET / - 404 (31ms)","meta":{"method":"GET","url":"/","status":404,"responseTime":"31ms","userAgent":"axios/1.13.2","ip":"::1"},"pid":11208,"memory":70025216,"uptime":1769.0730375}
{"timestamp":"2026-01-23T02:59:41.775Z","level":"HTTP","message":"GET / - 403 (10803ms)","meta":{"method":"GET","url":"/","status":403,"responseTime":"10803ms","userAgent":"axios/1.13.2","ip":"::1"},"pid":11208,"memory":69591040,"uptime":1780.3507634}
{"timestamp":"2026-01-23T02:59:53.424Z","level":"HTTP","message":"GET / - 403 (10882ms)","meta":{"method":"GET","url":"/","status":403,"responseTime":"10882ms","userAgent":"axios/1.13.2","ip":"::1"},"pid":11208,"memory":69681152,"uptime":1791.9999008}
{"timestamp":"2026-01-23T02:59:54.154Z","level":"HTTP","message":"POST / - 400 (3ms)","meta":{"method":"POST","url":"/","status":400,"responseTime":"3ms","userAgent":"axios/1.13.2","ip":"::1"},"pid":11208,"memory":69689344,"uptime":1792.7300579}
{"timestamp":"2026-01-23T03:00:05.583Z","level":"HTTP","message":"GET /stats - 403 (11025ms)","meta":{"method":"GET","url":"/stats","status":403,"responseTime":"11025ms","userAgent":"axios/1.13.2","ip":"::1"},"pid":11208,"memory":68096000,"uptime":1804.1686498}
{"timestamp":"2026-01-23T03:00:17.382Z","level":"HTTP","message":"GET /profile - 403 (11157ms)","meta":{"method":"GET","url":"/profile","status":403,"responseTime":"11157ms","userAgent":"axios/1.13.2","ip":"::1"},"pid":11208,"memory":68382720,"uptime":1815.9680033}
{"timestamp":"2026-01-23T03:00:18.229Z","level":"HTTP","message":"POST / - 404 (75ms)","meta":{"method":"POST","url":"/","status":404,"responseTime":"75ms","userAgent":"axios/1.13.2","ip":"::1"},"pid":11208,"memory":68386816,"uptime":1816.8149077}
{"timestamp":"2026-01-23T03:00:30.158Z","level":"HTTP","message":"POST / - 500 (10681ms)","meta":{"method":"POST","url":"/","status":500,"responseTime":"10681ms","userAgent":"axios/1.13.2","ip":"::1"},"pid":11208,"memory":68411392,"uptime":1828.7434946}
{"timestamp":"2026-01-23T03:00:30.967Z","level":"HTTP","message":"POST /consultation-confirm - 200 (2ms)","meta":{"method":"POST","url":"/consultation-confirm","status":200,"responseTime":"2ms","userAgent":"axios/1.13.2","ip":"::1"},"pid":11208,"memory":68812800,"uptime":1829.5527635}
{"timestamp":"2026-01-23T03:00:42.600Z","level":"HTTP","message":"GET / - 403 (10890ms)","meta":{"method":"GET","url":"/","status":403,"responseTime":"10890ms","userAgent":"axios/1.13.2","ip":"::1"},"pid":11208,"memory":68825088,"uptime":1841.1858235}
{"timestamp":"2026-01-23T03:00:43.293Z","level":"HTTP","message":"GET /health - 200 (50ms)","meta":{"method":"GET","url":"/health","status":200,"responseTime":"50ms","userAgent":"axios/1.13.2","ip":"::1"},"pid":11208,"memory":68829184,"uptime":1841.8782994}
{"timestamp":"2026-01-23T03:00:44.013Z","level":"HTTP","message":"GET /health - 200 (20ms)","meta":{"method":"GET","url":"/health","status":200,"responseTime":"20ms","userAgent":"axios/1.13.2","ip":"::1"},"pid":11208,"memory":68833280,"uptime":1842.5991009}
{"timestamp":"2026-01-23T03:00:44.098Z","level":"HTTP","message":"GET /health - 200 (63ms)","meta":{"method":"GET","url":"/health","status":200,"responseTime":"63ms","userAgent":"axios/1.13.2","ip":"::1"},"pid":11208,"memory":69140480,"uptime":1842.683295}
{"timestamp":"2026-01-23T03:00:44.224Z","level":"HTTP","message":"GET /health - 200 (85ms)","meta":{"method":"GET","url":"/health","status":200,"responseTime":"85ms","userAgent":"axios/1.13.2","ip":"::1"},"pid":11208,"memory":69144576,"uptime":1842.8094874}
{"timestamp":"2026-01-23T03:00:44.290Z","level":"HTTP","message":"GET /health - 200 (16ms)","meta":{"method":"GET","url":"/health","status":200,"responseTime":"16ms","userAgent":"axios/1.13.2","ip":"::1"},"pid":11208,"memory":69296128,"uptime":1842.8760707}
{"timestamp":"2026-01-23T03:00:44.328Z","level":"HTTP","message":"GET /health - 200 (15ms)","meta":{"method":"GET","url":"/health","status":200,"responseTime":"15ms","userAgent":"axios/1.13.2","ip":"::1"},"pid":11208,"memory":69300224,"uptime":1842.913219}
{"timestamp":"2026-01-23T03:00:44.740Z","level":"HTTP","message":"GET /health - 200 (7ms)","meta":{"method":"GET","url":"/health","status":200,"responseTime":"7ms","userAgent":"axios/1.13.2","ip":"::1"},"pid":11208,"memory":69304320,"uptime":1843.3259645}
{"timestamp":"2026-01-23T03:00:45.526Z","level":"HTTP","message":"GET /health - 200 (86ms)","meta":{"method":"GET","url":"/health","status":200,"responseTime":"86ms","userAgent":"axios/1.13.2","ip":"::1"},"pid":11208,"memory":69308416,"uptime":1844.1112202}
{"timestamp":"2026-01-23T03:34:16.205Z","level":"HTTP","message":"GET /health - 200 (4ms)","meta":{"method":"GET","url":"/health","status":200,"responseTime":"4ms","userAgent":"axios/1.13.2","ip":"::1"},"pid":11208,"memory":47697920,"uptime":3854.7882587}
{"timestamp":"2026-01-23T03:34:26.758Z","level":"HTTP","message":"POST /invite - 403 (10504ms)","meta":{"method":"POST","url":"/invite","status":403,"responseTime":"10504ms","userAgent":"axios/1.13.2","ip":"::1"},"pid":11208,"memory":47919104,"uptime":3865.3416495}
{"timestamp":"2026-01-23T03:34:26.802Z","level":"HTTP","message":"POST /invite - 401 (8ms)","meta":{"method":"POST","url":"/invite","status":401,"responseTime":"8ms","userAgent":"axios/1.13.2","ip":"::1"},"pid":11208,"memory":48017408,"uptime":3865.3856476}
{"timestamp":"2026-01-23T03:34:26.835Z","level":"HTTP","message":"POST /invite - 401 (4ms)","meta":{"method":"POST","url":"/invite","status":401,"responseTime":"4ms","userAgent":"axios/1.13.2","ip":"::1"},"pid":11208,"memory":48021504,"uptime":3865.4188035}
{"timestamp":"2026-01-23T03:34:26.888Z","level":"HTTP","message":"POST /complete-registration - 500 (16ms)","meta":{"method":"POST","url":"/complete-registration","status":500,"responseTime":"16ms","userAgent":"axios/1.13.2","ip":"::1"},"pid":11208,"memory":48148480,"uptime":3865.4717817}
{"timestamp":"2026-01-23T03:34:26.952Z","level":"HTTP","message":"POST /complete-registration - 500 (34ms)","meta":{"method":"POST","url":"/complete-registration","status":500,"responseTime":"34ms","userAgent":"axios/1.13.2","ip":"::1"},"pid":11208,"memory":48152576,"uptime":3865.5352702}
{"timestamp":"2026-01-23T03:34:26.985Z","level":"HTTP","message":"POST /complete-registration - 400 (6ms)","meta":{"method":"POST","url":"/complete-registration","status":400,"responseTime":"6ms","userAgent":"axios/1.13.2","ip":"::1"},"pid":11208,"memory":48259072,"uptime":3865.5686564}
{"timestamp":"2026-01-23T03:34:48.368Z","level":"HTTP","message":"POST /login - 401 (21356ms)","meta":{"method":"POST","url":"/login","status":401,"responseTime":"21356ms","userAgent":"axios/1.13.2","ip":"::1"},"pid":11208,"memory":48271360,"uptime":3886.9514161}
{"timestamp":"2026-01-23T03:35:09.817Z","level":"HTTP","message":"POST /login - 401 (21423ms)","meta":{"method":"POST","url":"/login","status":401,"responseTime":"21423ms","userAgent":"axios/1.13.2","ip":"::1"},"pid":11208,"memory":48361472,"uptime":3908.4002356}
{"timestamp":"2026-01-23T03:35:31.254Z","level":"HTTP","message":"POST /login - 401 (21400ms)","meta":{"method":"POST","url":"/login","status":401,"responseTime":"21400ms","userAgent":"axios/1.13.2","ip":"::1"},"pid":11208,"memory":48799744,"uptime":3929.8295413}
{"timestamp":"2026-01-23T03:35:52.702Z","level":"HTTP","message":"POST /login - 401 (21415ms)","meta":{"method":"POST","url":"/login","status":401,"responseTime":"21415ms","userAgent":"axios/1.13.2","ip":"::1"},"pid":11208,"memory":49025024,"uptime":3951.2775874}
{"timestamp":"2026-01-23T03:36:14.182Z","level":"HTTP","message":"POST /login - 401 (21437ms)","meta":{"method":"POST","url":"/login","status":401,"responseTime":"21437ms","userAgent":"axios/1.13.2","ip":"::1"},"pid":11208,"memory":49070080,"uptime":3972.7578932}
{"timestamp":"2026-01-23T03:36:14.600Z","level":"HTTP","message":"GET / - 404 (9ms)","meta":{"method":"GET","url":"/","status":404,"responseTime":"9ms","userAgent":"axios/1.13.2","ip":"::1"},"pid":11208,"memory":49070080,"uptime":3973.175635}
{"timestamp":"2026-01-23T03:36:14.665Z","level":"HTTP","message":"GET / - 404 (15ms)","meta":{"method":"GET","url":"/","status":404,"responseTime":"15ms","userAgent":"axios/1.13.2","ip":"::1"},"pid":11208,"memory":49164288,"uptime":3973.2405597}
{"timestamp":"2026-01-23T03:36:14.697Z","level":"HTTP","message":"GET / - 404 (3ms)","meta":{"method":"GET","url":"/","status":404,"responseTime":"3ms","userAgent":"axios/1.13.2","ip":"::1"},"pid":11208,"memory":49164288,"uptime":3973.273171}
{"timestamp":"2026-01-23T03:36:14.729Z","level":"HTTP","message":"POST / - 404 (3ms)","meta":{"method":"POST","url":"/","status":404,"responseTime":"3ms","userAgent":"axios/1.13.2","ip":"::1"},"pid":11208,"memory":49164288,"uptime":3973.3047484}
{"timestamp":"2026-01-23T03:36:15.682Z","level":"HTTP","message":"POST / - 404 (48ms)","meta":{"method":"POST","url":"/","status":404,"responseTime":"48ms","userAgent":"axios/1.13.2","ip":"::1"},"pid":11208,"memory":49266688,"uptime":3974.2576382}
{"timestamp":"2026-01-23T03:36:15.964Z","level":"HTTP","message":"POST / - 404 (120ms)","meta":{"method":"POST","url":"/","status":404,"responseTime":"120ms","userAgent":"axios/1.13.2","ip":"::1"},"pid":11208,"memory":49270784,"uptime":3974.5401903}
{"timestamp":"2026-01-23T03:36:27.442Z","level":"HTTP","message":"POST / - 500 (10484ms)","meta":{"method":"POST","url":"/","status":500,"responseTime":"10484ms","userAgent":"axios/1.13.2","ip":"::1"},"pid":11208,"memory":49590272,"uptime":3986.0177027}
{"timestamp":"2026-01-23T03:36:27.794Z","level":"HTTP","message":"POST / - 400 (100ms)","meta":{"method":"POST","url":"/","status":400,"responseTime":"100ms","userAgent":"axios/1.13.2","ip":"::1"},"pid":11208,"memory":49590272,"uptime":3986.370116}
{"timestamp":"2026-01-23T03:36:27.862Z","level":"HTTP","message":"POST / - 400 (3ms)","meta":{"method":"POST","url":"/","status":400,"responseTime":"3ms","userAgent":"axios/1.13.2","ip":"::1"},"pid":11208,"memory":49594368,"uptime":3986.4379011}
{"timestamp":"2026-01-23T03:36:27.899Z","level":"HTTP","message":"POST /consultation-confirm - 200 (10ms)","meta":{"method":"POST","url":"/consultation-confirm","status":200,"responseTime":"10ms","userAgent":"axios/1.13.2","ip":"::1"},"pid":11208,"memory":49594368,"uptime":3986.4743934}
{"timestamp":"2026-01-23T03:36:27.965Z","level":"HTTP","message":"POST /meeting-reschedule - 200 (33ms)","meta":{"method":"POST","url":"/meeting-reschedule","status":200,"responseTime":"33ms","userAgent":"axios/1.13.2","ip":"::1"},"pid":11208,"memory":49352704,"uptime":3986.5407952}
{"timestamp":"2026-01-23T03:36:28.078Z","level":"HTTP","message":"POST /payment-confirm - 200 (17ms)","meta":{"method":"POST","url":"/payment-confirm","status":200,"responseTime":"17ms","userAgent":"axios/1.13.2","ip":"::1"},"pid":11208,"memory":49725440,"uptime":3986.6543545}
{"timestamp":"2026-01-23T03:36:39.013Z","level":"HTTP","message":"POST / - 500 (10841ms)","meta":{"method":"POST","url":"/","status":500,"responseTime":"10841ms","userAgent":"axios/1.13.2","ip":"::1"},"pid":11208,"memory":50864128,"uptime":3997.5891333}
{"timestamp":"2026-01-23T03:36:39.062Z","level":"HTTP","message":"POST / - 500 (10590ms)","meta":{"method":"POST","url":"/","status":500,"responseTime":"10590ms","userAgent":"axios/1.13.2","ip":"::1"},"pid":11208,"memory":50118656,"uptime":3997.6375464}
{"timestamp":"2026-01-23T03:36:39.099Z","level":"HTTP","message":"POST / - 500 (10645ms)","meta":{"method":"POST","url":"/","status":500,"responseTime":"10645ms","userAgent":"axios/1.13.2","ip":"::1"},"pid":11208,"memory":50118656,"uptime":3997.6746149}
{"timestamp":"2026-01-23T03:36:39.142Z","level":"HTTP","message":"POST / - 500 (10695ms)","meta":{"method":"POST","url":"/","status":500,"responseTime":"10695ms","userAgent":"axios/1.13.2","ip":"::1"},"pid":11208,"memory":50118656,"uptime":3997.7177571}
{"timestamp":"2026-01-23T03:36:39.174Z","level":"HTTP","message":"POST / - 500 (10731ms)","meta":{"method":"POST","url":"/","status":500,"responseTime":"10731ms","userAgent":"axios/1.13.2","ip":"::1"},"pid":11208,"memory":50118656,"uptime":3997.749456}
{"timestamp":"2026-01-23T03:36:39.213Z","level":"HTTP","message":"POST / - 500 (10811ms)","meta":{"method":"POST","url":"/","status":500,"responseTime":"10811ms","userAgent":"axios/1.13.2","ip":"::1"},"pid":11208,"memory":50118656,"uptime":3997.7890838}
{"timestamp":"2026-01-23T03:36:39.278Z","level":"HTTP","message":"POST / - 500 (10886ms)","meta":{"method":"POST","url":"/","status":500,"responseTime":"10886ms","userAgent":"axios/1.13.2","ip":"::1"},"pid":11208,"memory":50118656,"uptime":3997.8536337}
{"timestamp":"2026-01-23T03:36:39.315Z","level":"HTTP","message":"POST / - 500 (10986ms)","meta":{"method":"POST","url":"/","status":500,"responseTime":"10986ms","userAgent":"axios/1.13.2","ip":"::1"},"pid":11208,"memory":50118656,"uptime":3997.8909792}
{"timestamp":"2026-01-23T03:36:39.348Z","level":"HTTP","message":"POST / - 500 (11071ms)","meta":{"method":"POST","url":"/","status":500,"responseTime":"11071ms","userAgent":"axios/1.13.2","ip":"::1"},"pid":11208,"memory":50118656,"uptime":3997.924108}
{"timestamp":"2026-01-23T03:36:39.396Z","level":"HTTP","message":"POST / - 500 (11126ms)","meta":{"method":"POST","url":"/","status":500,"responseTime":"11126ms","userAgent":"axios/1.13.2","ip":"::1"},"pid":11208,"memory":50315264,"uptime":3997.9722002}
{"timestamp":"2026-01-23T03:36:50.178Z","level":"HTTP","message":"POST / - 500 (10745ms)","meta":{"method":"POST","url":"/","status":500,"responseTime":"10745ms","userAgent":"axios/1.13.2","ip":"::1"},"pid":11208,"memory":50233344,"uptime":4008.754078}
{"timestamp":"2026-01-23T03:36:50.278Z","level":"HTTP","message":"GET /health - 200 (15ms)","meta":{"method":"GET","url":"/health","status":200,"responseTime":"15ms","userAgent":"axios/1.13.2","ip":"::1"},"pid":11208,"memory":50376704,"uptime":4008.8535357}
{"timestamp":"2026-01-23T03:36:50.325Z","level":"HTTP","message":"GET /api/health - 200 (17ms)","meta":{"method":"GET","url":"/api/health","status":200,"responseTime":"17ms","userAgent":"axios/1.13.2","ip":"::1"},"pid":11208,"memory":50380800,"uptime":4008.9011711}
{"timestamp":"2026-01-23T03:36:50.364Z","level":"HTTP","message":"POST /invite - 401 (13ms)","meta":{"method":"POST","url":"/invite","status":401,"responseTime":"13ms","userAgent":"axios/1.13.2","ip":"::1"},"pid":11208,"memory":50384896,"uptime":4008.9400939}
{"timestamp":"2026-01-23T03:37:01.128Z","level":"HTTP","message":"POST /invite - 403 (10703ms)","meta":{"method":"POST","url":"/invite","status":403,"responseTime":"10703ms","userAgent":"axios/1.13.2","ip":"::1"},"pid":11208,"memory":50511872,"uptime":4019.7040992}
{"timestamp":"2026-01-23T03:37:12.019Z","level":"HTTP","message":"GET /profile - 403 (10814ms)","meta":{"method":"GET","url":"/profile","status":403,"responseTime":"10814ms","userAgent":"axios/1.13.2","ip":"::1"},"pid":11208,"memory":50524160,"uptime":4030.5950502}
{"timestamp":"2026-01-23T03:37:12.109Z","level":"HTTP","message":"POST / - 404 (17ms)","meta":{"method":"POST","url":"/","status":404,"responseTime":"17ms","userAgent":"axios/1.13.2","ip":"::1"},"pid":11208,"memory":50528256,"uptime":4030.684667}
{"timestamp":"2026-01-23T03:37:12.146Z","level":"HTTP","message":"POST / - 400 (14ms)","meta":{"method":"POST","url":"/","status":400,"responseTime":"14ms","userAgent":"axios/1.13.2","ip":"::1"},"pid":11208,"memory":50532352,"uptime":4030.7218606}
{"timestamp":"2026-01-23T03:37:22.710Z","level":"HTTP","message":"POST / - 500 (10533ms)","meta":{"method":"POST","url":"/","status":500,"responseTime":"10533ms","userAgent":"axios/1.13.2","ip":"::1"},"pid":11208,"memory":50712576,"uptime":4041.2857801}
{"timestamp":"2026-01-23T03:37:22.759Z","level":"HTTP","message":"POST /consultation-confirm - 200 (6ms)","meta":{"method":"POST","url":"/consultation-confirm","status":200,"responseTime":"6ms","userAgent":"axios/1.13.2","ip":"::1"},"pid":11208,"memory":50712576,"uptime":4041.3350239}
{"timestamp":"2026-01-23T03:37:23.061Z","level":"HTTP","message":"POST / - 404 (23ms)","meta":{"method":"POST","url":"/","status":404,"responseTime":"23ms","userAgent":"axios/1.13.2","ip":"::1"},"pid":11208,"memory":50868224,"uptime":4041.6369161}
{"timestamp":"2026-01-23T03:37:23.095Z","level":"HTTP","message":"GET /test-document - 401 (18ms)","meta":{"method":"GET","url":"/test-document","status":401,"responseTime":"18ms","userAgent":"axios/1.13.2","ip":"::1"},"pid":11208,"memory":50868224,"uptime":4041.6714558}
{"timestamp":"2026-01-23T03:45:16.171Z","level":"HTTP","message":"GET /health - 200 (3ms)","meta":{"method":"GET","url":"/health","status":200,"responseTime":"3ms","userAgent":"axios/1.13.2","ip":"::1"},"pid":11208,"memory":39968768,"uptime":4514.7468607}
{"timestamp":"2026-01-23T03:45:16.201Z","level":"HTTP","message":"GET /api/health - 200 (3ms)","meta":{"method":"GET","url":"/api/health","status":200,"responseTime":"3ms","userAgent":"axios/1.13.2","ip":"::1"},"pid":11208,"memory":39976960,"uptime":4514.7770189}
{"timestamp":"2026-01-23T03:45:16.230Z","level":"HTTP","message":"POST /invite - 401 (3ms)","meta":{"method":"POST","url":"/invite","status":401,"responseTime":"3ms","userAgent":"axios/1.13.2","ip":"::1"},"pid":11208,"memory":39866368,"uptime":4514.8055905}
{"timestamp":"2026-01-23T03:45:26.752Z","level":"HTTP","message":"POST /invite - 403 (10446ms)","meta":{"method":"POST","url":"/invite","status":403,"responseTime":"10446ms","userAgent":"axios/1.13.2","ip":"::1"},"pid":11208,"memory":36093952,"uptime":4525.3276307}
{"timestamp":"2026-01-23T03:45:37.473Z","level":"HTTP","message":"GET /profile - 403 (10665ms)","meta":{"method":"GET","url":"/profile","status":403,"responseTime":"10665ms","userAgent":"axios/1.13.2","ip":"::1"},"pid":11208,"memory":36372480,"uptime":4536.0488424}
{"timestamp":"2026-01-23T03:45:37.546Z","level":"HTTP","message":"POST / - 404 (5ms)","meta":{"method":"POST","url":"/","status":404,"responseTime":"5ms","userAgent":"axios/1.13.2","ip":"::1"},"pid":11208,"memory":36552704,"uptime":4536.1219993}
{"timestamp":"2026-01-23T03:45:37.579Z","level":"HTTP","message":"POST / - 400 (3ms)","meta":{"method":"POST","url":"/","status":400,"responseTime":"3ms","userAgent":"axios/1.13.2","ip":"::1"},"pid":11208,"memory":36573184,"uptime":4536.1544938}
{"timestamp":"2026-01-23T03:45:48.266Z","level":"HTTP","message":"POST / - 500 (10665ms)","meta":{"method":"POST","url":"/","status":500,"responseTime":"10665ms","userAgent":"axios/1.13.2","ip":"::1"},"pid":11208,"memory":36626432,"uptime":4546.8415141}
{"timestamp":"2026-01-23T03:45:48.304Z","level":"HTTP","message":"POST /consultation-confirm - 200 (2ms)","meta":{"method":"POST","url":"/consultation-confirm","status":200,"responseTime":"2ms","userAgent":"axios/1.13.2","ip":"::1"},"pid":11208,"memory":36634624,"uptime":4546.8803433}
{"timestamp":"2026-01-23T03:45:48.479Z","level":"HTTP","message":"POST / - 404 (11ms)","meta":{"method":"POST","url":"/","status":404,"responseTime":"11ms","userAgent":"axios/1.13.2","ip":"::1"},"pid":11208,"memory":36823040,"uptime":4547.0547335}
{"timestamp":"2026-01-23T03:45:48.508Z","level":"HTTP","message":"GET /test-document - 401 (8ms)","meta":{"method":"GET","url":"/test-document","status":401,"responseTime":"8ms","userAgent":"axios/1.13.2","ip":"::1"},"pid":11208,"memory":36651008,"uptime":4547.0842904}
{"timestamp":"2026-01-23T03:59:48.053Z","level":"HTTP","message":"GET /health - 200 (9ms)","meta":{"method":"GET","url":"/health","status":200,"responseTime":"9ms","userAgent":"axios/1.13.2","ip":"::1"},"pid":11208,"memory":25792512,"uptime":5386.6335631}
{"timestamp":"2026-01-23T03:59:48.084Z","level":"HTTP","message":"GET /api/health - 200 (3ms)","meta":{"method":"GET","url":"/api/health","status":200,"responseTime":"3ms","userAgent":"axios/1.13.2","ip":"::1"},"pid":11208,"memory":26628096,"uptime":5386.6644447}
{"timestamp":"2026-01-23T03:59:48.126Z","level":"HTTP","message":"POST /invite - 401 (4ms)","meta":{"method":"POST","url":"/invite","status":401,"responseTime":"4ms","userAgent":"axios/1.13.2","ip":"::1"},"pid":11208,"memory":28622848,"uptime":5386.7065723}
{"timestamp":"2026-01-23T04:00:09.566Z","level":"HTTP","message":"POST /login - 401 (21423ms)","meta":{"method":"POST","url":"/login","status":401,"responseTime":"21423ms","userAgent":"axios/1.13.2","ip":"::1"},"pid":11208,"memory":29679616,"uptime":5408.1461082}
{"timestamp":"2026-01-23T04:00:20.815Z","level":"HTTP","message":"POST /invite - 403 (11227ms)","meta":{"method":"POST","url":"/invite","status":403,"responseTime":"11227ms","userAgent":"axios/1.13.2","ip":"::1"},"pid":11208,"memory":45256704,"uptime":5419.3947144}
{"timestamp":"2026-01-23T04:00:42.853Z","level":"HTTP","message":"POST /login - 401 (21963ms)","meta":{"method":"POST","url":"/login","status":401,"responseTime":"21963ms","userAgent":"axios/1.13.2","ip":"::1"},"pid":11208,"memory":45670400,"uptime":5441.4293616}
{"timestamp":"2026-01-23T04:00:54.082Z","level":"HTTP","message":"GET /profile - 403 (11156ms)","meta":{"method":"GET","url":"/profile","status":403,"responseTime":"11156ms","userAgent":"axios/1.13.2","ip":"::1"},"pid":11208,"memory":45682688,"uptime":5452.6583159}
{"timestamp":"2026-01-23T04:00:54.183Z","level":"HTTP","message":"POST / - 404 (6ms)","meta":{"method":"POST","url":"/","status":404,"responseTime":"6ms","userAgent":"axios/1.13.2","ip":"::1"},"pid":11208,"memory":45686784,"uptime":5452.7591532}
{"timestamp":"2026-01-23T04:00:54.216Z","level":"HTTP","message":"POST / - 400 (2ms)","meta":{"method":"POST","url":"/","status":400,"responseTime":"2ms","userAgent":"axios/1.13.2","ip":"::1"},"pid":11208,"memory":45715456,"uptime":5452.79256}
{"timestamp":"2026-01-23T04:01:05.254Z","level":"HTTP","message":"POST / - 500 (11016ms)","meta":{"method":"POST","url":"/","status":500,"responseTime":"11016ms","userAgent":"axios/1.13.2","ip":"::1"},"pid":11208,"memory":45826048,"uptime":5463.8297394}
{"timestamp":"2026-01-23T04:01:05.275Z","level":"HTTP","message":"POST /consultation-confirm - 200 (2ms)","meta":{"method":"POST","url":"/consultation-confirm","status":200,"responseTime":"2ms","userAgent":"axios/1.13.2","ip":"::1"},"pid":11208,"memory":45858816,"uptime":5463.8512142}
{"timestamp":"2026-01-23T04:01:26.797Z","level":"HTTP","message":"POST /login - 401 (21463ms)","meta":{"method":"POST","url":"/login","status":401,"responseTime":"21463ms","userAgent":"axios/1.13.2","ip":"::1"},"pid":11208,"memory":46796800,"uptime":5485.3727955}
{"timestamp":"2026-01-23T04:01:26.864Z","level":"HTTP","message":"POST /login - 401 (21537ms)","meta":{"method":"POST","url":"/login","status":401,"responseTime":"21537ms","userAgent":"axios/1.13.2","ip":"::1"},"pid":11208,"memory":46796800,"uptime":5485.440043}
{"timestamp":"2026-01-23T04:01:26.915Z","level":"HTTP","message":"POST /login - 401 (21599ms)","meta":{"method":"POST","url":"/login","status":401,"responseTime":"21599ms","userAgent":"axios/1.13.2","ip":"::1"},"pid":11208,"memory":46796800,"uptime":5485.4917238}
{"timestamp":"2026-01-23T04:01:26.939Z","level":"HTTP","message":"POST / - 404 (3ms)","meta":{"method":"POST","url":"/","status":404,"responseTime":"3ms","userAgent":"axios/1.13.2","ip":"::1"},"pid":11208,"memory":46800896,"uptime":5485.5148393}
{"timestamp":"2026-01-23T04:01:26.957Z","level":"HTTP","message":"GET /test-document - 401 (4ms)","meta":{"method":"GET","url":"/test-document","status":401,"responseTime":"4ms","userAgent":"axios/1.13.2","ip":"::1"},"pid":11208,"memory":46800896,"uptime":5485.5330783}
