{"timestamp":"2026-01-03T22:13:18.299Z","level":"DEBUG","message":"Performance: slow_request","meta":{"operation":"slow_request","duration":"4860ms","method":"POST","path":"/login"},"pid":13956,"memory":62062592,"uptime":46.304625}
{"timestamp":"2026-01-03T22:15:28.834Z","level":"DEBUG","message":"Performance: slow_request","meta":{"operation":"slow_request","duration":"2669ms","method":"POST","path":"/login"},"pid":13956,"memory":65613824,"uptime":176.8391845}
{"timestamp":"2026-01-03T22:15:29.266Z","level":"DEBUG","message":"Cache MISS: GET:/api/dashboard:anonymous","meta":{},"pid":13956,"memory":77815808,"uptime":177.2718014}
{"timestamp":"2026-01-03T22:42:44.598Z","level":"DEBUG","message":"Cache MISS: GET:/api/dashboard:anonymous","meta":{},"pid":13956,"memory":66985984,"uptime":1812.6036549}
{"timestamp":"2026-01-03T23:10:06.333Z","level":"DEBUG","message":"Cache MISS: GET:/api/dashboard:anonymous","meta":{},"pid":13956,"memory":54071296,"uptime":3454.3384118}
{"timestamp":"2026-01-04T00:33:45.036Z","level":"DEBUG","message":"Cache MISS: GET:/api/dashboard:anonymous","meta":{},"pid":15172,"memory":61505536,"uptime":47.5522258}
{"timestamp":"2026-01-04T00:33:49.019Z","level":"DEBUG","message":"Performance: slow_request","meta":{"operation":"slow_request","duration":"3025ms","method":"POST","path":"/login"},"pid":15172,"memory":66113536,"uptime":51.5349615}
{"timestamp":"2026-01-04T00:36:17.813Z","level":"DEBUG","message":"Cache MISS: GET:/api/dashboard:anonymous","meta":{},"pid":15172,"memory":67256320,"uptime":200.3329057}
{"timestamp":"2026-01-04T00:36:18.715Z","level":"DEBUG","message":"Cache MISS: GET:/api/dashboard:anonymous","meta":{},"pid":15172,"memory":67497984,"uptime":201.2348265}
{"timestamp":"2026-01-04T02:40:52.471Z","level":"DEBUG","message":"Cache MISS: GET:/api/dashboard:anonymous","meta":{},"pid":16468,"memory":56885248,"uptime":572.6326162}
{"timestamp":"2026-01-04T08:24:41.025Z","level":"DEBUG","message":"Performance: slow_request","meta":{"operation":"slow_request","duration":"1943ms","method":"GET","path":"/packages"},"pid":18700,"memory":73588736,"uptime":58.9721138}
{"timestamp":"2026-01-04T08:28:47.617Z","level":"DEBUG","message":"Performance: slow_request","meta":{"operation":"slow_request","duration":"1649ms","method":"GET","path":"/packages"},"pid":10868,"memory":73625600,"uptime":48.9755136}
{"timestamp":"2026-01-04T08:46:33.311Z","level":"DEBUG","message":"Performance: slow_request","meta":{"operation":"slow_request","duration":"1427ms","method":"POST","path":"/consultation-booking"},"pid":10868,"memory":72687616,"uptime":1128.4179686}
{"timestamp":"2026-01-04T08:48:39.655Z","level":"DEBUG","message":"Performance: slow_request","meta":{"operation":"slow_request","duration":"3002ms","method":"GET","path":"/packages"},"pid":21796,"memory":72769536,"uptime":27.0444999}
{"timestamp":"2026-01-04T08:48:43.573Z","level":"DEBUG","message":"Performance: slow_request","meta":{"operation":"slow_request","duration":"3776ms","method":"POST","path":"/consultation-booking"},"pid":21796,"memory":73027584,"uptime":30.9622838}
{"timestamp":"2026-01-04T08:56:11.596Z","level":"DEBUG","message":"Performance: slow_request","meta":{"operation":"slow_request","duration":"1199ms","method":"POST","path":"/login"},"pid":21796,"memory":73555968,"uptime":478.9838903}
{"timestamp":"2026-01-04T09:30:28.084Z","level":"DEBUG","message":"Performance: slow_request","meta":{"operation":"slow_request","duration":"1362ms","method":"GET","path":"/packages"},"pid":20660,"memory":74641408,"uptime":24.1789625}
{"timestamp":"2026-01-04T09:31:59.709Z","level":"DEBUG","message":"Performance: slow_request","meta":{"operation":"slow_request","duration":"1217ms","method":"POST","path":"/consultation-booking"},"pid":20660,"memory":117501952,"uptime":115.8038922}
{"timestamp":"2026-01-04T10:14:33.217Z","level":"DEBUG","message":"Cache MISS: GET:/api/dashboard:anonymous","meta":{},"pid":20660,"memory":54370304,"uptime":2669.3114535}
{"timestamp":"2026-01-04T15:25:05.369Z","level":"DEBUG","message":"Performance: slow_request","meta":{"operation":"slow_request","duration":"1004ms","method":"POST","path":"/login"},"pid":20660,"memory":51539968,"uptime":21314.0960717}
{"timestamp":"2026-01-04T15:29:29.766Z","level":"DEBUG","message":"Performance: slow_request","meta":{"operation":"slow_request","duration":"3938ms","method":"POST","path":"/login"},"pid":21608,"memory":71233536,"uptime":54.200243}
{"timestamp":"2026-01-04T15:30:17.700Z","level":"DEBUG","message":"Performance: slow_request","meta":{"operation":"slow_request","duration":"1640ms","method":"POST","path":"/login"},"pid":21608,"memory":71593984,"uptime":102.1341662}
{"timestamp":"2026-01-04T15:30:19.659Z","level":"DEBUG","message":"Performance: slow_request","meta":{"operation":"slow_request","duration":"1772ms","method":"POST","path":"/invite","userId":"688b3986-0398-4c00-8aa9-0f14a411b378"},"pid":21608,"memory":72249344,"uptime":104.0931041}
{"timestamp":"2026-01-04T15:30:19.681Z","level":"DEBUG","message":"Cache MISS: GET:/api/dashboard:anonymous","meta":{},"pid":21608,"memory":72282112,"uptime":104.1151035}
{"timestamp":"2026-01-04T15:30:21.304Z","level":"DEBUG","message":"Cache MISS: GET:/api/dashboard:anonymous","meta":{},"pid":21608,"memory":72957952,"uptime":105.7380098}
{"timestamp":"2026-01-04T15:36:49.114Z","level":"DEBUG","message":"Performance: slow_request","meta":{"operation":"slow_request","duration":"1668ms","method":"POST","path":"/login"},"pid":21608,"memory":73842688,"uptime":493.5476805}
{"timestamp":"2026-01-04T15:36:51.124Z","level":"DEBUG","message":"Performance: slow_request","meta":{"operation":"slow_request","duration":"1773ms","method":"POST","path":"/invite","userId":"688b3986-0398-4c00-8aa9-0f14a411b378"},"pid":21608,"memory":74256384,"uptime":495.5576067}
{"timestamp":"2026-01-04T15:37:39.995Z","level":"DEBUG","message":"Performance: slow_request","meta":{"operation":"slow_request","duration":"1448ms","method":"POST","path":"/login"},"pid":21608,"memory":74305536,"uptime":544.4292354}
{"timestamp":"2026-01-04T15:37:42.840Z","level":"DEBUG","message":"Performance: slow_request","meta":{"operation":"slow_request","duration":"2271ms","method":"POST","path":"/invite","userId":"688b3986-0398-4c00-8aa9-0f14a411b378"},"pid":21608,"memory":74821632,"uptime":547.2743249}
{"timestamp":"2026-01-04T15:38:49.222Z","level":"DEBUG","message":"Performance: slow_request","meta":{"operation":"slow_request","duration":"1942ms","method":"POST","path":"/login"},"pid":2288,"memory":83832832,"uptime":23.7864798}
{"timestamp":"2026-01-04T15:38:52.091Z","level":"DEBUG","message":"Performance: slow_request","meta":{"operation":"slow_request","duration":"2725ms","method":"POST","path":"/invite","userId":"688b3986-0398-4c00-8aa9-0f14a411b378"},"pid":2288,"memory":84676608,"uptime":26.6556775}
{"timestamp":"2026-01-04T15:39:05.816Z","level":"DEBUG","message":"Cache MISS: GET:/api/dashboard:anonymous","meta":{},"pid":2288,"memory":72298496,"uptime":40.3803808}
{"timestamp":"2026-01-04T15:39:06.735Z","level":"DEBUG","message":"Cache MISS: GET:/api/dashboard:anonymous","meta":{},"pid":2288,"memory":73297920,"uptime":41.2995211}
{"timestamp":"2026-01-04T15:40:03.245Z","level":"DEBUG","message":"Performance: slow_request","meta":{"operation":"slow_request","duration":"3230ms","method":"POST","path":"/login"},"pid":2288,"memory":73973760,"uptime":97.8032541}
{"timestamp":"2026-01-04T15:40:08.968Z","level":"DEBUG","message":"Performance: slow_request","meta":{"operation":"slow_request","duration":"1454ms","method":"POST","path":"/","userId":"688b3986-0398-4c00-8aa9-0f14a411b378"},"pid":2288,"memory":75014144,"uptime":103.5257783}
{"timestamp":"2026-01-04T15:40:09.224Z","level":"DEBUG","message":"Cache MISS: GET:/api/dashboard:anonymous","meta":{},"pid":2288,"memory":75018240,"uptime":103.7817534}
{"timestamp":"2026-01-04T15:40:12.482Z","level":"DEBUG","message":"Cache MISS: GET:/api/dashboard:anonymous","meta":{},"pid":2288,"memory":75309056,"uptime":107.0402706}
{"timestamp":"2026-01-04T15:55:10.749Z","level":"DEBUG","message":"Performance: slow_request","meta":{"operation":"slow_request","duration":"1130ms","method":"POST","path":"/login"},"pid":20660,"memory":53841920,"uptime":23119.4750222}
{"timestamp":"2026-01-04T15:55:10.777Z","level":"DEBUG","message":"Cache MISS: GET:/api/dashboard:anonymous","meta":{},"pid":20660,"memory":53972992,"uptime":23119.5027523}
