{"timestamp":"2026-01-23T02:31:48.504Z","level":"ERROR","message":"POST /invite - 403 (10619ms)","meta":{"method":"POST","url":"/invite","status":403,"responseTime":"10619ms","userAgent":"axios/1.13.2","ip":"::1"},"pid":11208,"memory":60993536,"uptime":107.0794504}
{"timestamp":"2026-01-23T02:31:48.582Z","level":"ERROR","message":"POST /invite - 401 (4ms)","meta":{"method":"POST","url":"/invite","status":401,"responseTime":"4ms","userAgent":"axios/1.13.2","ip":"::1"},"pid":11208,"memory":61206528,"uptime":107.1573787}
{"timestamp":"2026-01-23T02:31:48.685Z","level":"ERROR","message":"POST /invite - 401 (7ms)","meta":{"method":"POST","url":"/invite","status":401,"responseTime":"7ms","userAgent":"axios/1.13.2","ip":"::1"},"pid":11208,"memory":61583360,"uptime":107.2610001}
{"timestamp":"2026-01-23T02:31:48.986Z","level":"ERROR","message":"POST /complete-registration - 500 (27ms)","meta":{"method":"POST","url":"/complete-registration","status":500,"responseTime":"27ms","userAgent":"axios/1.13.2","ip":"::1"},"pid":11208,"memory":61763584,"uptime":107.5617616}
{"timestamp":"2026-01-23T02:31:49.147Z","level":"ERROR","message":"POST /complete-registration - 500 (79ms)","meta":{"method":"POST","url":"/complete-registration","status":500,"responseTime":"79ms","userAgent":"axios/1.13.2","ip":"::1"},"pid":11208,"memory":61796352,"uptime":107.723108}
{"timestamp":"2026-01-23T02:31:49.348Z","level":"ERROR","message":"POST /complete-registration - 400 (59ms)","meta":{"method":"POST","url":"/complete-registration","status":400,"responseTime":"59ms","userAgent":"axios/1.13.2","ip":"::1"},"pid":11208,"memory":61829120,"uptime":107.9234232}
{"timestamp":"2026-01-23T02:32:12.227Z","level":"ERROR","message":"POST /login - 401 (21750ms)","meta":{"method":"POST","url":"/login","status":401,"responseTime":"21750ms","userAgent":"axios/1.13.2","ip":"::1"},"pid":11208,"memory":62099456,"uptime":130.8028463}
{"timestamp":"2026-01-23T02:32:34.485Z","level":"ERROR","message":"POST /login - 401 (21864ms)","meta":{"method":"POST","url":"/login","status":401,"responseTime":"21864ms","userAgent":"axios/1.13.2","ip":"::1"},"pid":11208,"memory":62382080,"uptime":153.0604565}
{"timestamp":"2026-01-23T02:32:57.355Z","level":"ERROR","message":"POST /login - 401 (22555ms)","meta":{"method":"POST","url":"/login","status":401,"responseTime":"22555ms","userAgent":"axios/1.13.2","ip":"::1"},"pid":11208,"memory":63393792,"uptime":175.9303953}
{"timestamp":"2026-01-23T02:33:20.533Z","level":"ERROR","message":"POST /login - 401 (21977ms)","meta":{"method":"POST","url":"/login","status":401,"responseTime":"21977ms","userAgent":"axios/1.13.2","ip":"::1"},"pid":11208,"memory":63795200,"uptime":199.1078168}
{"timestamp":"2026-01-23T02:33:43.388Z","level":"ERROR","message":"POST /login - 401 (22836ms)","meta":{"method":"POST","url":"/login","status":401,"responseTime":"22836ms","userAgent":"axios/1.13.2","ip":"::1"},"pid":11208,"memory":64106496,"uptime":221.9640407}
{"timestamp":"2026-01-23T02:33:43.824Z","level":"ERROR","message":"GET / - 404 (95ms)","meta":{"method":"GET","url":"/","status":404,"responseTime":"95ms","userAgent":"axios/1.13.2","ip":"::1"},"pid":11208,"memory":64110592,"uptime":222.4008164}
{"timestamp":"2026-01-23T02:33:44.051Z","level":"ERROR","message":"GET / - 404 (68ms)","meta":{"method":"GET","url":"/","status":404,"responseTime":"68ms","userAgent":"axios/1.13.2","ip":"::1"},"pid":11208,"memory":64163840,"uptime":222.6274366}
{"timestamp":"2026-01-23T02:33:44.253Z","level":"ERROR","message":"GET / - 404 (5ms)","meta":{"method":"GET","url":"/","status":404,"responseTime":"5ms","userAgent":"axios/1.13.2","ip":"::1"},"pid":11208,"memory":64163840,"uptime":222.8289102}
{"timestamp":"2026-01-23T02:33:45.370Z","level":"ERROR","message":"POST / - 404 (1027ms)","meta":{"method":"POST","url":"/","status":404,"responseTime":"1027ms","userAgent":"axios/1.13.2","ip":"::1"},"pid":11208,"memory":64348160,"uptime":223.9465329}
{"timestamp":"2026-01-23T02:33:47.639Z","level":"ERROR","message":"POST / - 404 (138ms)","meta":{"method":"POST","url":"/","status":404,"responseTime":"138ms","userAgent":"axios/1.13.2","ip":"::1"},"pid":11208,"memory":64585728,"uptime":226.2150093}
{"timestamp":"2026-01-23T02:33:48.263Z","level":"ERROR","message":"POST / - 404 (316ms)","meta":{"method":"POST","url":"/","status":404,"responseTime":"316ms","userAgent":"axios/1.13.2","ip":"::1"},"pid":11208,"memory":64589824,"uptime":226.8391918}
{"timestamp":"2026-01-23T02:34:01.309Z","level":"ERROR","message":"POST / - 500 (10935ms)","meta":{"method":"POST","url":"/","status":500,"responseTime":"10935ms","userAgent":"axios/1.13.2","ip":"::1"},"pid":11208,"memory":64946176,"uptime":239.8851968}
{"timestamp":"2026-01-23T02:34:01.329Z","level":"ERROR","message":"POST / - 400 (2ms)","meta":{"method":"POST","url":"/","status":400,"responseTime":"2ms","userAgent":"axios/1.13.2","ip":"::1"},"pid":11208,"memory":64962560,"uptime":239.9054249}
{"timestamp":"2026-01-23T02:34:01.350Z","level":"ERROR","message":"POST / - 400 (4ms)","meta":{"method":"POST","url":"/","status":400,"responseTime":"4ms","userAgent":"axios/1.13.2","ip":"::1"},"pid":11208,"memory":64974848,"uptime":239.9261103}
{"timestamp":"2026-01-23T02:34:15.587Z","level":"ERROR","message":"POST / - 500 (11708ms)","meta":{"method":"POST","url":"/","status":500,"responseTime":"11708ms","userAgent":"axios/1.13.2","ip":"::1"},"pid":11208,"memory":66523136,"uptime":254.1643587}
{"timestamp":"2026-01-23T02:34:15.910Z","level":"ERROR","message":"POST / - 500 (12022ms)","meta":{"method":"POST","url":"/","status":500,"responseTime":"12022ms","userAgent":"axios/1.13.2","ip":"::1"},"pid":11208,"memory":66523136,"uptime":254.4860458}
{"timestamp":"2026-01-23T02:34:16.244Z","level":"ERROR","message":"POST / - 500 (12349ms)","meta":{"method":"POST","url":"/","status":500,"responseTime":"12349ms","userAgent":"axios/1.13.2","ip":"::1"},"pid":11208,"memory":66523136,"uptime":254.8199462}
{"timestamp":"2026-01-23T02:34:16.506Z","level":"ERROR","message":"POST / - 500 (12603ms)","meta":{"method":"POST","url":"/","status":500,"responseTime":"12603ms","userAgent":"axios/1.13.2","ip":"::1"},"pid":11208,"memory":66527232,"uptime":255.0819336}
{"timestamp":"2026-01-23T02:34:17.019Z","level":"ERROR","message":"POST / - 500 (12411ms)","meta":{"method":"POST","url":"/","status":500,"responseTime":"12411ms","userAgent":"axios/1.13.2","ip":"::1"},"pid":11208,"memory":66527232,"uptime":255.5949645}
{"timestamp":"2026-01-23T02:34:17.511Z","level":"ERROR","message":"POST / - 500 (13168ms)","meta":{"method":"POST","url":"/","status":500,"responseTime":"13168ms","userAgent":"axios/1.13.2","ip":"::1"},"pid":11208,"memory":66527232,"uptime":256.0868492}
{"timestamp":"2026-01-23T02:34:17.993Z","level":"ERROR","message":"POST / - 500 (14018ms)","meta":{"method":"POST","url":"/","status":500,"responseTime":"14018ms","userAgent":"axios/1.13.2","ip":"::1"},"pid":11208,"memory":66539520,"uptime":256.5694021}
{"timestamp":"2026-01-23T02:34:18.545Z","level":"ERROR","message":"POST / - 500 (14605ms)","meta":{"method":"POST","url":"/","status":500,"responseTime":"14605ms","userAgent":"axios/1.13.2","ip":"::1"},"pid":11208,"memory":66748416,"uptime":257.1217563}
{"timestamp":"2026-01-23T02:34:18.943Z","level":"ERROR","message":"POST / - 500 (14032ms)","meta":{"method":"POST","url":"/","status":500,"responseTime":"14032ms","userAgent":"axios/1.13.2","ip":"::1"},"pid":11208,"memory":66748416,"uptime":257.5187297}
{"timestamp":"2026-01-23T02:34:19.363Z","level":"ERROR","message":"POST / - 500 (14633ms)","meta":{"method":"POST","url":"/","status":500,"responseTime":"14633ms","userAgent":"axios/1.13.2","ip":"::1"},"pid":11208,"memory":66752512,"uptime":257.9394151}
{"timestamp":"2026-01-23T02:34:31.373Z","level":"ERROR","message":"POST / - 500 (11711ms)","meta":{"method":"POST","url":"/","status":500,"responseTime":"11711ms","userAgent":"axios/1.13.2","ip":"::1"},"pid":11208,"memory":66662400,"uptime":269.9494615}
{"timestamp":"2026-01-23T02:34:32.954Z","level":"ERROR","message":"POST /invite - 401 (32ms)","meta":{"method":"POST","url":"/invite","status":401,"responseTime":"32ms","userAgent":"axios/1.13.2","ip":"::1"},"pid":11208,"memory":66883584,"uptime":271.5303048}
{"timestamp":"2026-01-23T02:34:44.912Z","level":"ERROR","message":"POST /invite - 403 (11630ms)","meta":{"method":"POST","url":"/invite","status":403,"responseTime":"11630ms","userAgent":"axios/1.13.2","ip":"::1"},"pid":11208,"memory":66899968,"uptime":283.4882911}
{"timestamp":"2026-01-23T02:34:56.545Z","level":"ERROR","message":"GET /profile - 403 (10702ms)","meta":{"method":"GET","url":"/profile","status":403,"responseTime":"10702ms","userAgent":"axios/1.13.2","ip":"::1"},"pid":11208,"memory":67067904,"uptime":295.1211304}
{"timestamp":"2026-01-23T02:34:56.748Z","level":"ERROR","message":"POST / - 404 (133ms)","meta":{"method":"POST","url":"/","status":404,"responseTime":"133ms","userAgent":"axios/1.13.2","ip":"::1"},"pid":11208,"memory":67076096,"uptime":295.3240885}
{"timestamp":"2026-01-23T02:34:57.127Z","level":"ERROR","message":"POST / - 400 (2ms)","meta":{"method":"POST","url":"/","status":400,"responseTime":"2ms","userAgent":"axios/1.13.2","ip":"::1"},"pid":11208,"memory":67080192,"uptime":295.7033434}
{"timestamp":"2026-01-23T02:35:07.728Z","level":"ERROR","message":"POST / - 500 (10585ms)","meta":{"method":"POST","url":"/","status":500,"responseTime":"10585ms","userAgent":"axios/1.13.2","ip":"::1"},"pid":11208,"memory":67108864,"uptime":306.3039646}
{"timestamp":"2026-01-23T02:35:10.555Z","level":"ERROR","message":"POST / - 404 (184ms)","meta":{"method":"POST","url":"/","status":404,"responseTime":"184ms","userAgent":"axios/1.13.2","ip":"::1"},"pid":11208,"memory":67313664,"uptime":309.1314705}
{"timestamp":"2026-01-23T02:35:11.140Z","level":"ERROR","message":"GET /test-document - 401 (323ms)","meta":{"method":"GET","url":"/test-document","status":401,"responseTime":"323ms","userAgent":"axios/1.13.2","ip":"::1"},"pid":11208,"memory":67313664,"uptime":309.7161337}
{"timestamp":"2026-01-23T02:55:25.916Z","level":"ERROR","message":"POST /invite - 403 (10460ms)","meta":{"method":"POST","url":"/invite","status":403,"responseTime":"10460ms","userAgent":"axios/1.13.2","ip":"::1"},"pid":11208,"memory":67792896,"uptime":1524.4912027}
{"timestamp":"2026-01-23T02:55:25.965Z","level":"ERROR","message":"POST /invite - 401 (8ms)","meta":{"method":"POST","url":"/invite","status":401,"responseTime":"8ms","userAgent":"axios/1.13.2","ip":"::1"},"pid":11208,"memory":67792896,"uptime":1524.5408351}
{"timestamp":"2026-01-23T02:55:26.176Z","level":"ERROR","message":"POST /invite - 401 (168ms)","meta":{"method":"POST","url":"/invite","status":401,"responseTime":"168ms","userAgent":"axios/1.13.2","ip":"::1"},"pid":11208,"memory":67792896,"uptime":1524.7519488}
{"timestamp":"2026-01-23T02:55:26.284Z","level":"ERROR","message":"POST /complete-registration - 500 (38ms)","meta":{"method":"POST","url":"/complete-registration","status":500,"responseTime":"38ms","userAgent":"axios/1.13.2","ip":"::1"},"pid":11208,"memory":67928064,"uptime":1524.8591223}
{"timestamp":"2026-01-23T02:55:26.333Z","level":"ERROR","message":"POST /complete-registration - 500 (16ms)","meta":{"method":"POST","url":"/complete-registration","status":500,"responseTime":"16ms","userAgent":"axios/1.13.2","ip":"::1"},"pid":11208,"memory":67928064,"uptime":1524.9080528}
{"timestamp":"2026-01-23T02:55:26.362Z","level":"ERROR","message":"POST /complete-registration - 400 (6ms)","meta":{"method":"POST","url":"/complete-registration","status":400,"responseTime":"6ms","userAgent":"axios/1.13.2","ip":"::1"},"pid":11208,"memory":67928064,"uptime":1524.9377247}
{"timestamp":"2026-01-23T02:55:47.845Z","level":"ERROR","message":"POST /login - 401 (21463ms)","meta":{"method":"POST","url":"/login","status":401,"responseTime":"21463ms","userAgent":"axios/1.13.2","ip":"::1"},"pid":11208,"memory":67936256,"uptime":1546.4203781}
{"timestamp":"2026-01-23T02:56:09.262Z","level":"ERROR","message":"POST /login - 401 (21367ms)","meta":{"method":"POST","url":"/login","status":401,"responseTime":"21367ms","userAgent":"axios/1.13.2","ip":"::1"},"pid":11208,"memory":68026368,"uptime":1567.8372685}
{"timestamp":"2026-01-23T02:56:30.678Z","level":"ERROR","message":"POST /login - 401 (21372ms)","meta":{"method":"POST","url":"/login","status":401,"responseTime":"21372ms","userAgent":"axios/1.13.2","ip":"::1"},"pid":11208,"memory":68030464,"uptime":1589.2540146}
{"timestamp":"2026-01-23T02:56:52.172Z","level":"ERROR","message":"POST /login - 401 (21442ms)","meta":{"method":"POST","url":"/login","status":401,"responseTime":"21442ms","userAgent":"axios/1.13.2","ip":"::1"},"pid":11208,"memory":68083712,"uptime":1610.7480098}
{"timestamp":"2026-01-23T02:57:13.716Z","level":"ERROR","message":"POST /login - 401 (21508ms)","meta":{"method":"POST","url":"/login","status":401,"responseTime":"21508ms","userAgent":"axios/1.13.2","ip":"::1"},"pid":11208,"memory":68214784,"uptime":1632.2927377}
{"timestamp":"2026-01-23T02:57:13.901Z","level":"ERROR","message":"GET / - 404 (18ms)","meta":{"method":"GET","url":"/","status":404,"responseTime":"18ms","userAgent":"axios/1.13.2","ip":"::1"},"pid":11208,"memory":68214784,"uptime":1632.4775084}
{"timestamp":"2026-01-23T02:57:14.000Z","level":"ERROR","message":"GET / - 404 (41ms)","meta":{"method":"GET","url":"/","status":404,"responseTime":"41ms","userAgent":"axios/1.13.2","ip":"::1"},"pid":11208,"memory":68214784,"uptime":1632.5760812}
{"timestamp":"2026-01-23T02:57:14.116Z","level":"ERROR","message":"GET / - 404 (54ms)","meta":{"method":"GET","url":"/","status":404,"responseTime":"54ms","userAgent":"axios/1.13.2","ip":"::1"},"pid":11208,"memory":68280320,"uptime":1632.6927671}
{"timestamp":"2026-01-23T02:57:14.283Z","level":"ERROR","message":"POST / - 404 (82ms)","meta":{"method":"POST","url":"/","status":404,"responseTime":"82ms","userAgent":"axios/1.13.2","ip":"::1"},"pid":11208,"memory":68296704,"uptime":1632.8590071}
{"timestamp":"2026-01-23T02:57:15.450Z","level":"ERROR","message":"POST / - 404 (39ms)","meta":{"method":"POST","url":"/","status":404,"responseTime":"39ms","userAgent":"axios/1.13.2","ip":"::1"},"pid":11208,"memory":68571136,"uptime":1634.0259501}
{"timestamp":"2026-01-23T02:57:15.547Z","level":"ERROR","message":"POST / - 404 (63ms)","meta":{"method":"POST","url":"/","status":404,"responseTime":"63ms","userAgent":"axios/1.13.2","ip":"::1"},"pid":11208,"memory":68571136,"uptime":1634.1234618}
{"timestamp":"2026-01-23T02:57:27.691Z","level":"ERROR","message":"POST / - 500 (10686ms)","meta":{"method":"POST","url":"/","status":500,"responseTime":"10686ms","userAgent":"axios/1.13.2","ip":"::1"},"pid":11208,"memory":68571136,"uptime":1646.2669959}
{"timestamp":"2026-01-23T02:57:27.796Z","level":"ERROR","message":"POST / - 400 (1ms)","meta":{"method":"POST","url":"/","status":400,"responseTime":"1ms","userAgent":"axios/1.13.2","ip":"::1"},"pid":11208,"memory":68583424,"uptime":1646.3717598}
{"timestamp":"2026-01-23T02:57:27.860Z","level":"ERROR","message":"POST / - 400 (7ms)","meta":{"method":"POST","url":"/","status":400,"responseTime":"7ms","userAgent":"axios/1.13.2","ip":"::1"},"pid":11208,"memory":68583424,"uptime":1646.4364056}
{"timestamp":"2026-01-23T02:57:38.980Z","level":"ERROR","message":"POST / - 500 (10898ms)","meta":{"method":"POST","url":"/","status":500,"responseTime":"10898ms","userAgent":"axios/1.13.2","ip":"::1"},"pid":11208,"memory":69185536,"uptime":1657.5555754}
{"timestamp":"2026-01-23T02:57:39.027Z","level":"ERROR","message":"POST / - 500 (10863ms)","meta":{"method":"POST","url":"/","status":500,"responseTime":"10863ms","userAgent":"axios/1.13.2","ip":"::1"},"pid":11208,"memory":69267456,"uptime":1657.602338}
{"timestamp":"2026-01-23T02:57:39.065Z","level":"ERROR","message":"POST / - 500 (10907ms)","meta":{"method":"POST","url":"/","status":500,"responseTime":"10907ms","userAgent":"axios/1.13.2","ip":"::1"},"pid":11208,"memory":69267456,"uptime":1657.6401661}
{"timestamp":"2026-01-23T02:57:39.143Z","level":"ERROR","message":"POST / - 500 (10994ms)","meta":{"method":"POST","url":"/","status":500,"responseTime":"10994ms","userAgent":"axios/1.13.2","ip":"::1"},"pid":11208,"memory":69267456,"uptime":1657.7189932}
{"timestamp":"2026-01-23T02:57:39.228Z","level":"ERROR","message":"POST / - 500 (11086ms)","meta":{"method":"POST","url":"/","status":500,"responseTime":"11086ms","userAgent":"axios/1.13.2","ip":"::1"},"pid":11208,"memory":69189632,"uptime":1657.8034868}
{"timestamp":"2026-01-23T02:57:39.294Z","level":"ERROR","message":"POST / - 500 (11164ms)","meta":{"method":"POST","url":"/","status":500,"responseTime":"11164ms","userAgent":"axios/1.13.2","ip":"::1"},"pid":11208,"memory":69189632,"uptime":1657.8698187}
{"timestamp":"2026-01-23T02:57:39.359Z","level":"ERROR","message":"POST / - 500 (11243ms)","meta":{"method":"POST","url":"/","status":500,"responseTime":"11243ms","userAgent":"axios/1.13.2","ip":"::1"},"pid":11208,"memory":69189632,"uptime":1657.9346959}
{"timestamp":"2026-01-23T02:57:39.482Z","level":"ERROR","message":"POST / - 500 (11366ms)","meta":{"method":"POST","url":"/","status":500,"responseTime":"11366ms","userAgent":"axios/1.13.2","ip":"::1"},"pid":11208,"memory":69189632,"uptime":1658.0570749}
{"timestamp":"2026-01-23T02:57:39.683Z","level":"ERROR","message":"POST / - 500 (11577ms)","meta":{"method":"POST","url":"/","status":500,"responseTime":"11577ms","userAgent":"axios/1.13.2","ip":"::1"},"pid":11208,"memory":69201920,"uptime":1658.2581794}
{"timestamp":"2026-01-23T02:57:39.975Z","level":"ERROR","message":"POST / - 500 (11877ms)","meta":{"method":"POST","url":"/","status":500,"responseTime":"11877ms","userAgent":"axios/1.13.2","ip":"::1"},"pid":11208,"memory":69201920,"uptime":1658.5505943}
{"timestamp":"2026-01-23T02:57:51.062Z","level":"ERROR","message":"POST / - 500 (10893ms)","meta":{"method":"POST","url":"/","status":500,"responseTime":"10893ms","userAgent":"axios/1.13.2","ip":"::1"},"pid":11208,"memory":69206016,"uptime":1669.6374873}
{"timestamp":"2026-01-23T02:57:51.366Z","level":"ERROR","message":"POST /invite - 401 (16ms)","meta":{"method":"POST","url":"/invite","status":401,"responseTime":"16ms","userAgent":"axios/1.13.2","ip":"::1"},"pid":11208,"memory":69214208,"uptime":1669.942009}
{"timestamp":"2026-01-23T02:58:02.221Z","level":"ERROR","message":"POST /invite - 403 (10787ms)","meta":{"method":"POST","url":"/invite","status":403,"responseTime":"10787ms","userAgent":"axios/1.13.2","ip":"::1"},"pid":11208,"memory":69218304,"uptime":1680.7962753}
{"timestamp":"2026-01-23T02:58:12.925Z","level":"ERROR","message":"GET /profile - 403 (10614ms)","meta":{"method":"GET","url":"/profile","status":403,"responseTime":"10614ms","userAgent":"axios/1.13.2","ip":"::1"},"pid":11208,"memory":69218304,"uptime":1691.5006968}
{"timestamp":"2026-01-23T02:58:13.062Z","level":"ERROR","message":"POST / - 404 (90ms)","meta":{"method":"POST","url":"/","status":404,"responseTime":"90ms","userAgent":"axios/1.13.2","ip":"::1"},"pid":11208,"memory":69279744,"uptime":1691.6378063}
{"timestamp":"2026-01-23T02:58:13.159Z","level":"ERROR","message":"POST / - 400 (2ms)","meta":{"method":"POST","url":"/","status":400,"responseTime":"2ms","userAgent":"axios/1.13.2","ip":"::1"},"pid":11208,"memory":69365760,"uptime":1691.7342593}
{"timestamp":"2026-01-23T02:58:23.518Z","level":"ERROR","message":"POST / - 500 (10323ms)","meta":{"method":"POST","url":"/","status":500,"responseTime":"10323ms","userAgent":"axios/1.13.2","ip":"::1"},"pid":11208,"memory":69312512,"uptime":1702.0938567}
{"timestamp":"2026-01-23T02:58:23.755Z","level":"ERROR","message":"POST / - 404 (12ms)","meta":{"method":"POST","url":"/","status":404,"responseTime":"12ms","userAgent":"axios/1.13.2","ip":"::1"},"pid":11208,"memory":69275648,"uptime":1702.3302285}
{"timestamp":"2026-01-23T02:58:23.788Z","level":"ERROR","message":"GET /test-document - 401 (11ms)","meta":{"method":"GET","url":"/test-document","status":401,"responseTime":"11ms","userAgent":"axios/1.13.2","ip":"::1"},"pid":11208,"memory":69275648,"uptime":1702.3630536}
{"timestamp":"2026-01-23T02:59:01.205Z","level":"ERROR","message":"Error ca2e24227656b13b: req is not defined","meta":{"errorId":"ca2e24227656b13b","url":"/api/health","method":"GET","ip":"::1","userAgent":"axios/1.13.2","query":{},"error":{"message":"req is not defined","stack":"ReferenceError: req is not defined\n    at origin (C:\\Users\\Israel\\Desktop\\Apply bureau backend\\backend\\server.js:154:20)\n    at C:\\Users\\Israel\\Desktop\\Apply bureau backend\\backend\\node_modules\\cors\\lib\\index.js:219:13\n    at optionsCallback (C:\\Users\\Israel\\Desktop\\Apply bureau backend\\backend\\node_modules\\cors\\lib\\index.js:199:9)\n    at corsMiddleware (C:\\Users\\Israel\\Desktop\\Apply bureau backend\\backend\\node_modules\\cors\\lib\\index.js:204:7)\n    at Layer.handle [as handle_request] (C:\\Users\\Israel\\Desktop\\Apply bureau backend\\backend\\node_modules\\express\\lib\\router\\layer.js:95:5)\n    at trim_prefix (C:\\Users\\Israel\\Desktop\\Apply bureau backend\\backend\\node_modules\\express\\lib\\router\\index.js:328:13)\n    at C:\\Users\\Israel\\Desktop\\Apply bureau backend\\backend\\node_modules\\express\\lib\\router\\index.js:286:9\n    at Function.process_params (C:\\Users\\Israel\\Desktop\\Apply bureau backend\\backend\\node_modules\\express\\lib\\router\\index.js:346:12)\n    at next (C:\\Users\\Israel\\Desktop\\Apply bureau backend\\backend\\node_modules\\express\\lib\\router\\index.js:280:10)\n    at C:\\Users\\Israel\\Desktop\\Apply bureau backend\\backend\\node_modules\\express-rate-limit\\dist\\index.cjs:807:7","name":"ReferenceError"}},"pid":11208,"memory":69292032,"uptime":1739.7810093}
{"timestamp":"2026-01-23T02:59:14.265Z","level":"ERROR","message":"GET /profile - 403 (10809ms)","meta":{"method":"GET","url":"/profile","status":403,"responseTime":"10809ms","userAgent":"axios/1.13.2","ip":"::1"},"pid":11208,"memory":69701632,"uptime":1752.8410171}
{"timestamp":"2026-01-23T02:59:29.251Z","level":"ERROR","message":"GET / - 403 (10981ms)","meta":{"method":"GET","url":"/","status":403,"responseTime":"10981ms","userAgent":"axios/1.13.2","ip":"::1"},"pid":11208,"memory":70021120,"uptime":1767.8269526}
{"timestamp":"2026-01-23T02:59:30.375Z","level":"ERROR","message":"GET / - 404 (31ms)","meta":{"method":"GET","url":"/","status":404,"responseTime":"31ms","userAgent":"axios/1.13.2","ip":"::1"},"pid":11208,"memory":70025216,"uptime":1768.9509083}
{"timestamp":"2026-01-23T02:59:41.735Z","level":"ERROR","message":"GET / - 403 (10803ms)","meta":{"method":"GET","url":"/","status":403,"responseTime":"10803ms","userAgent":"axios/1.13.2","ip":"::1"},"pid":11208,"memory":69591040,"uptime":1780.3103433}
{"timestamp":"2026-01-23T02:59:53.409Z","level":"ERROR","message":"GET / - 403 (10882ms)","meta":{"method":"GET","url":"/","status":403,"responseTime":"10882ms","userAgent":"axios/1.13.2","ip":"::1"},"pid":11208,"memory":69681152,"uptime":1791.9843927}
{"timestamp":"2026-01-23T02:59:54.146Z","level":"ERROR","message":"POST / - 400 (3ms)","meta":{"method":"POST","url":"/","status":400,"responseTime":"3ms","userAgent":"axios/1.13.2","ip":"::1"},"pid":11208,"memory":69689344,"uptime":1792.7213693}
{"timestamp":"2026-01-23T03:00:05.569Z","level":"ERROR","message":"GET /stats - 403 (11025ms)","meta":{"method":"GET","url":"/stats","status":403,"responseTime":"11025ms","userAgent":"axios/1.13.2","ip":"::1"},"pid":11208,"memory":68096000,"uptime":1804.1544119}
{"timestamp":"2026-01-23T03:00:17.340Z","level":"ERROR","message":"GET /profile - 403 (11157ms)","meta":{"method":"GET","url":"/profile","status":403,"responseTime":"11157ms","userAgent":"axios/1.13.2","ip":"::1"},"pid":11208,"memory":68382720,"uptime":1815.9258837}
{"timestamp":"2026-01-23T03:00:18.215Z","level":"ERROR","message":"POST / - 404 (75ms)","meta":{"method":"POST","url":"/","status":404,"responseTime":"75ms","userAgent":"axios/1.13.2","ip":"::1"},"pid":11208,"memory":68386816,"uptime":1816.8003033}
{"timestamp":"2026-01-23T03:00:29.864Z","level":"ERROR","message":"POST / - 500 (10681ms)","meta":{"method":"POST","url":"/","status":500,"responseTime":"10681ms","userAgent":"axios/1.13.2","ip":"::1"},"pid":11208,"memory":68411392,"uptime":1828.4500403}
{"timestamp":"2026-01-23T03:00:42.549Z","level":"ERROR","message":"GET / - 403 (10890ms)","meta":{"method":"GET","url":"/","status":403,"responseTime":"10890ms","userAgent":"axios/1.13.2","ip":"::1"},"pid":11208,"memory":68825088,"uptime":1841.1343861}
{"timestamp":"2026-01-23T03:34:26.753Z","level":"ERROR","message":"POST /invite - 403 (10504ms)","meta":{"method":"POST","url":"/invite","status":403,"responseTime":"10504ms","userAgent":"axios/1.13.2","ip":"::1"},"pid":11208,"memory":47919104,"uptime":3865.336859}
{"timestamp":"2026-01-23T03:34:26.797Z","level":"ERROR","message":"POST /invite - 401 (8ms)","meta":{"method":"POST","url":"/invite","status":401,"responseTime":"8ms","userAgent":"axios/1.13.2","ip":"::1"},"pid":11208,"memory":48017408,"uptime":3865.3808673}
{"timestamp":"2026-01-23T03:34:26.826Z","level":"ERROR","message":"POST /invite - 401 (4ms)","meta":{"method":"POST","url":"/invite","status":401,"responseTime":"4ms","userAgent":"axios/1.13.2","ip":"::1"},"pid":11208,"memory":48021504,"uptime":3865.4096095}
{"timestamp":"2026-01-23T03:34:26.885Z","level":"ERROR","message":"POST /complete-registration - 500 (16ms)","meta":{"method":"POST","url":"/complete-registration","status":500,"responseTime":"16ms","userAgent":"axios/1.13.2","ip":"::1"},"pid":11208,"memory":48144384,"uptime":3865.4688264}
{"timestamp":"2026-01-23T03:34:26.941Z","level":"ERROR","message":"POST /complete-registration - 500 (34ms)","meta":{"method":"POST","url":"/complete-registration","status":500,"responseTime":"34ms","userAgent":"axios/1.13.2","ip":"::1"},"pid":11208,"memory":48152576,"uptime":3865.524213}
{"timestamp":"2026-01-23T03:34:26.973Z","level":"ERROR","message":"POST /complete-registration - 400 (6ms)","meta":{"method":"POST","url":"/complete-registration","status":400,"responseTime":"6ms","userAgent":"axios/1.13.2","ip":"::1"},"pid":11208,"memory":48259072,"uptime":3865.556176}
{"timestamp":"2026-01-23T03:34:48.364Z","level":"ERROR","message":"POST /login - 401 (21356ms)","meta":{"method":"POST","url":"/login","status":401,"responseTime":"21356ms","userAgent":"axios/1.13.2","ip":"::1"},"pid":11208,"memory":48271360,"uptime":3886.9479809}
{"timestamp":"2026-01-23T03:35:09.812Z","level":"ERROR","message":"POST /login - 401 (21423ms)","meta":{"method":"POST","url":"/login","status":401,"responseTime":"21423ms","userAgent":"axios/1.13.2","ip":"::1"},"pid":11208,"memory":48361472,"uptime":3908.3955626}
{"timestamp":"2026-01-23T03:35:31.251Z","level":"ERROR","message":"POST /login - 401 (21400ms)","meta":{"method":"POST","url":"/login","status":401,"responseTime":"21400ms","userAgent":"axios/1.13.2","ip":"::1"},"pid":11208,"memory":48799744,"uptime":3929.8272953}
{"timestamp":"2026-01-23T03:35:52.698Z","level":"ERROR","message":"POST /login - 401 (21415ms)","meta":{"method":"POST","url":"/login","status":401,"responseTime":"21415ms","userAgent":"axios/1.13.2","ip":"::1"},"pid":11208,"memory":49025024,"uptime":3951.2740722}
{"timestamp":"2026-01-23T03:36:14.177Z","level":"ERROR","message":"POST /login - 401 (21437ms)","meta":{"method":"POST","url":"/login","status":401,"responseTime":"21437ms","userAgent":"axios/1.13.2","ip":"::1"},"pid":11208,"memory":49070080,"uptime":3972.7524189}
{"timestamp":"2026-01-23T03:36:14.580Z","level":"ERROR","message":"GET / - 404 (9ms)","meta":{"method":"GET","url":"/","status":404,"responseTime":"9ms","userAgent":"axios/1.13.2","ip":"::1"},"pid":11208,"memory":49070080,"uptime":3973.155716}
{"timestamp":"2026-01-23T03:36:14.649Z","level":"ERROR","message":"GET / - 404 (15ms)","meta":{"method":"GET","url":"/","status":404,"responseTime":"15ms","userAgent":"axios/1.13.2","ip":"::1"},"pid":11208,"memory":49164288,"uptime":3973.2250573}
{"timestamp":"2026-01-23T03:36:14.684Z","level":"ERROR","message":"GET / - 404 (3ms)","meta":{"method":"GET","url":"/","status":404,"responseTime":"3ms","userAgent":"axios/1.13.2","ip":"::1"},"pid":11208,"memory":49164288,"uptime":3973.2599464}
{"timestamp":"2026-01-23T03:36:14.718Z","level":"ERROR","message":"POST / - 404 (3ms)","meta":{"method":"POST","url":"/","status":404,"responseTime":"3ms","userAgent":"axios/1.13.2","ip":"::1"},"pid":11208,"memory":49164288,"uptime":3973.2935524}
{"timestamp":"2026-01-23T03:36:15.663Z","level":"ERROR","message":"POST / - 404 (48ms)","meta":{"method":"POST","url":"/","status":404,"responseTime":"48ms","userAgent":"axios/1.13.2","ip":"::1"},"pid":11208,"memory":49266688,"uptime":3974.2385216}
{"timestamp":"2026-01-23T03:36:15.932Z","level":"ERROR","message":"POST / - 404 (120ms)","meta":{"method":"POST","url":"/","status":404,"responseTime":"120ms","userAgent":"axios/1.13.2","ip":"::1"},"pid":11208,"memory":49270784,"uptime":3974.5074064}
{"timestamp":"2026-01-23T03:36:27.344Z","level":"ERROR","message":"POST / - 500 (10484ms)","meta":{"method":"POST","url":"/","status":500,"responseTime":"10484ms","userAgent":"axios/1.13.2","ip":"::1"},"pid":11208,"memory":49590272,"uptime":3985.9196407}
{"timestamp":"2026-01-23T03:36:27.759Z","level":"ERROR","message":"POST / - 400 (100ms)","meta":{"method":"POST","url":"/","status":400,"responseTime":"100ms","userAgent":"axios/1.13.2","ip":"::1"},"pid":11208,"memory":49590272,"uptime":3986.3346973}
{"timestamp":"2026-01-23T03:36:27.849Z","level":"ERROR","message":"POST / - 400 (3ms)","meta":{"method":"POST","url":"/","status":400,"responseTime":"3ms","userAgent":"axios/1.13.2","ip":"::1"},"pid":11208,"memory":49594368,"uptime":3986.4253414}
{"timestamp":"2026-01-23T03:36:39.007Z","level":"ERROR","message":"POST / - 500 (10841ms)","meta":{"method":"POST","url":"/","status":500,"responseTime":"10841ms","userAgent":"axios/1.13.2","ip":"::1"},"pid":11208,"memory":50696192,"uptime":3997.5825584}
{"timestamp":"2026-01-23T03:36:39.046Z","level":"ERROR","message":"POST / - 500 (10590ms)","meta":{"method":"POST","url":"/","status":500,"responseTime":"10590ms","userAgent":"axios/1.13.2","ip":"::1"},"pid":11208,"memory":50118656,"uptime":3997.6218266}
{"timestamp":"2026-01-23T03:36:39.093Z","level":"ERROR","message":"POST / - 500 (10645ms)","meta":{"method":"POST","url":"/","status":500,"responseTime":"10645ms","userAgent":"axios/1.13.2","ip":"::1"},"pid":11208,"memory":50118656,"uptime":3997.669327}
{"timestamp":"2026-01-23T03:36:39.138Z","level":"ERROR","message":"POST / - 500 (10695ms)","meta":{"method":"POST","url":"/","status":500,"responseTime":"10695ms","userAgent":"axios/1.13.2","ip":"::1"},"pid":11208,"memory":50118656,"uptime":3997.7142871}
{"timestamp":"2026-01-23T03:36:39.163Z","level":"ERROR","message":"POST / - 500 (10731ms)","meta":{"method":"POST","url":"/","status":500,"responseTime":"10731ms","userAgent":"axios/1.13.2","ip":"::1"},"pid":11208,"memory":50118656,"uptime":3997.7384977}
{"timestamp":"2026-01-23T03:36:39.208Z","level":"ERROR","message":"POST / - 500 (10811ms)","meta":{"method":"POST","url":"/","status":500,"responseTime":"10811ms","userAgent":"axios/1.13.2","ip":"::1"},"pid":11208,"memory":50118656,"uptime":3997.7838681}
{"timestamp":"2026-01-23T03:36:39.263Z","level":"ERROR","message":"POST / - 500 (10886ms)","meta":{"method":"POST","url":"/","status":500,"responseTime":"10886ms","userAgent":"axios/1.13.2","ip":"::1"},"pid":11208,"memory":50118656,"uptime":3997.8384597}
{"timestamp":"2026-01-23T03:36:39.310Z","level":"ERROR","message":"POST / - 500 (10986ms)","meta":{"method":"POST","url":"/","status":500,"responseTime":"10986ms","userAgent":"axios/1.13.2","ip":"::1"},"pid":11208,"memory":50118656,"uptime":3997.8865019}
{"timestamp":"2026-01-23T03:36:39.344Z","level":"ERROR","message":"POST / - 500 (11071ms)","meta":{"method":"POST","url":"/","status":500,"responseTime":"11071ms","userAgent":"axios/1.13.2","ip":"::1"},"pid":11208,"memory":50118656,"uptime":3997.9199732}
{"timestamp":"2026-01-23T03:36:39.388Z","level":"ERROR","message":"POST / - 500 (11126ms)","meta":{"method":"POST","url":"/","status":500,"responseTime":"11126ms","userAgent":"axios/1.13.2","ip":"::1"},"pid":11208,"memory":50122752,"uptime":3997.9635576}
{"timestamp":"2026-01-23T03:36:50.163Z","level":"ERROR","message":"POST / - 500 (10745ms)","meta":{"method":"POST","url":"/","status":500,"responseTime":"10745ms","userAgent":"axios/1.13.2","ip":"::1"},"pid":11208,"memory":50802688,"uptime":4008.7384052}
{"timestamp":"2026-01-23T03:36:50.360Z","level":"ERROR","message":"POST /invite - 401 (13ms)","meta":{"method":"POST","url":"/invite","status":401,"responseTime":"13ms","userAgent":"axios/1.13.2","ip":"::1"},"pid":11208,"memory":50384896,"uptime":4008.9355687}
{"timestamp":"2026-01-23T03:37:01.114Z","level":"ERROR","message":"POST /invite - 403 (10703ms)","meta":{"method":"POST","url":"/invite","status":403,"responseTime":"10703ms","userAgent":"axios/1.13.2","ip":"::1"},"pid":11208,"memory":50511872,"uptime":4019.6899516}
{"timestamp":"2026-01-23T03:37:12.008Z","level":"ERROR","message":"GET /profile - 403 (10814ms)","meta":{"method":"GET","url":"/profile","status":403,"responseTime":"10814ms","userAgent":"axios/1.13.2","ip":"::1"},"pid":11208,"memory":50524160,"uptime":4030.5843473}
{"timestamp":"2026-01-23T03:37:12.093Z","level":"ERROR","message":"POST / - 404 (17ms)","meta":{"method":"POST","url":"/","status":404,"responseTime":"17ms","userAgent":"axios/1.13.2","ip":"::1"},"pid":11208,"memory":50528256,"uptime":4030.6689274}
{"timestamp":"2026-01-23T03:37:12.140Z","level":"ERROR","message":"POST / - 400 (14ms)","meta":{"method":"POST","url":"/","status":400,"responseTime":"14ms","userAgent":"axios/1.13.2","ip":"::1"},"pid":11208,"memory":50532352,"uptime":4030.7155713}
{"timestamp":"2026-01-23T03:37:22.707Z","level":"ERROR","message":"POST / - 500 (10533ms)","meta":{"method":"POST","url":"/","status":500,"responseTime":"10533ms","userAgent":"axios/1.13.2","ip":"::1"},"pid":11208,"memory":50712576,"uptime":4041.2827668}
{"timestamp":"2026-01-23T03:37:23.044Z","level":"ERROR","message":"POST / - 404 (23ms)","meta":{"method":"POST","url":"/","status":404,"responseTime":"23ms","userAgent":"axios/1.13.2","ip":"::1"},"pid":11208,"memory":50868224,"uptime":4041.6202322}
{"timestamp":"2026-01-23T03:37:23.091Z","level":"ERROR","message":"GET /test-document - 401 (18ms)","meta":{"method":"GET","url":"/test-document","status":401,"responseTime":"18ms","userAgent":"axios/1.13.2","ip":"::1"},"pid":11208,"memory":50868224,"uptime":4041.6666686}
{"timestamp":"2026-01-23T03:45:16.218Z","level":"ERROR","message":"POST /invite - 401 (3ms)","meta":{"method":"POST","url":"/invite","status":401,"responseTime":"3ms","userAgent":"axios/1.13.2","ip":"::1"},"pid":11208,"memory":39866368,"uptime":4514.7936766}
{"timestamp":"2026-01-23T03:45:26.730Z","level":"ERROR","message":"POST /invite - 403 (10446ms)","meta":{"method":"POST","url":"/invite","status":403,"responseTime":"10446ms","userAgent":"axios/1.13.2","ip":"::1"},"pid":11208,"memory":36093952,"uptime":4525.3062974}
{"timestamp":"2026-01-23T03:45:37.462Z","level":"ERROR","message":"GET /profile - 403 (10665ms)","meta":{"method":"GET","url":"/profile","status":403,"responseTime":"10665ms","userAgent":"axios/1.13.2","ip":"::1"},"pid":11208,"memory":36372480,"uptime":4536.0377027}
{"timestamp":"2026-01-23T03:45:37.543Z","level":"ERROR","message":"POST / - 404 (5ms)","meta":{"method":"POST","url":"/","status":404,"responseTime":"5ms","userAgent":"axios/1.13.2","ip":"::1"},"pid":11208,"memory":36552704,"uptime":4536.1188501}
{"timestamp":"2026-01-23T03:45:37.574Z","level":"ERROR","message":"POST / - 400 (3ms)","meta":{"method":"POST","url":"/","status":400,"responseTime":"3ms","userAgent":"axios/1.13.2","ip":"::1"},"pid":11208,"memory":36573184,"uptime":4536.1500437}
{"timestamp":"2026-01-23T03:45:48.259Z","level":"ERROR","message":"POST / - 500 (10665ms)","meta":{"method":"POST","url":"/","status":500,"responseTime":"10665ms","userAgent":"axios/1.13.2","ip":"::1"},"pid":11208,"memory":36626432,"uptime":4546.8349346}
{"timestamp":"2026-01-23T03:45:48.471Z","level":"ERROR","message":"POST / - 404 (11ms)","meta":{"method":"POST","url":"/","status":404,"responseTime":"11ms","userAgent":"axios/1.13.2","ip":"::1"},"pid":11208,"memory":36823040,"uptime":4547.0471086}
{"timestamp":"2026-01-23T03:45:48.499Z","level":"ERROR","message":"GET /test-document - 401 (8ms)","meta":{"method":"GET","url":"/test-document","status":401,"responseTime":"8ms","userAgent":"axios/1.13.2","ip":"::1"},"pid":11208,"memory":36651008,"uptime":4547.0752717}
{"timestamp":"2026-01-23T03:59:48.118Z","level":"ERROR","message":"POST /invite - 401 (4ms)","meta":{"method":"POST","url":"/invite","status":401,"responseTime":"4ms","userAgent":"axios/1.13.2","ip":"::1"},"pid":11208,"memory":28610560,"uptime":5386.6989212}
{"timestamp":"2026-01-23T04:00:09.562Z","level":"ERROR","message":"POST /login - 401 (21423ms)","meta":{"method":"POST","url":"/login","status":401,"responseTime":"21423ms","userAgent":"axios/1.13.2","ip":"::1"},"pid":11208,"memory":29663232,"uptime":5408.1421705}
{"timestamp":"2026-01-23T04:00:20.810Z","level":"ERROR","message":"POST /invite - 403 (11227ms)","meta":{"method":"POST","url":"/invite","status":403,"responseTime":"11227ms","userAgent":"axios/1.13.2","ip":"::1"},"pid":11208,"memory":45256704,"uptime":5419.3902211}
{"timestamp":"2026-01-23T04:00:42.825Z","level":"ERROR","message":"POST /login - 401 (21963ms)","meta":{"method":"POST","url":"/login","status":401,"responseTime":"21963ms","userAgent":"axios/1.13.2","ip":"::1"},"pid":11208,"memory":45355008,"uptime":5441.4011563}
{"timestamp":"2026-01-23T04:00:54.059Z","level":"ERROR","message":"GET /profile - 403 (11156ms)","meta":{"method":"GET","url":"/profile","status":403,"responseTime":"11156ms","userAgent":"axios/1.13.2","ip":"::1"},"pid":11208,"memory":45682688,"uptime":5452.6357904}
{"timestamp":"2026-01-23T04:00:54.178Z","level":"ERROR","message":"POST / - 404 (6ms)","meta":{"method":"POST","url":"/","status":404,"responseTime":"6ms","userAgent":"axios/1.13.2","ip":"::1"},"pid":11208,"memory":45686784,"uptime":5452.7544157}
{"timestamp":"2026-01-23T04:00:54.212Z","level":"ERROR","message":"POST / - 400 (2ms)","meta":{"method":"POST","url":"/","status":400,"responseTime":"2ms","userAgent":"axios/1.13.2","ip":"::1"},"pid":11208,"memory":45715456,"uptime":5452.7882847}
{"timestamp":"2026-01-23T04:01:05.249Z","level":"ERROR","message":"POST / - 500 (11016ms)","meta":{"method":"POST","url":"/","status":500,"responseTime":"11016ms","userAgent":"axios/1.13.2","ip":"::1"},"pid":11208,"memory":45826048,"uptime":5463.8255361}
{"timestamp":"2026-01-23T04:01:26.787Z","level":"ERROR","message":"POST /login - 401 (21463ms)","meta":{"method":"POST","url":"/login","status":401,"responseTime":"21463ms","userAgent":"axios/1.13.2","ip":"::1"},"pid":11208,"memory":46796800,"uptime":5485.3629033}
{"timestamp":"2026-01-23T04:01:26.854Z","level":"ERROR","message":"POST /login - 401 (21537ms)","meta":{"method":"POST","url":"/login","status":401,"responseTime":"21537ms","userAgent":"axios/1.13.2","ip":"::1"},"pid":11208,"memory":46796800,"uptime":5485.4305323}
{"timestamp":"2026-01-23T04:01:26.907Z","level":"ERROR","message":"POST /login - 401 (21599ms)","meta":{"method":"POST","url":"/login","status":401,"responseTime":"21599ms","userAgent":"axios/1.13.2","ip":"::1"},"pid":11208,"memory":46796800,"uptime":5485.4827893}
{"timestamp":"2026-01-23T04:01:26.936Z","level":"ERROR","message":"POST / - 404 (3ms)","meta":{"method":"POST","url":"/","status":404,"responseTime":"3ms","userAgent":"axios/1.13.2","ip":"::1"},"pid":11208,"memory":46800896,"uptime":5485.5122651}
{"timestamp":"2026-01-23T04:01:26.954Z","level":"ERROR","message":"GET /test-document - 401 (4ms)","meta":{"method":"GET","url":"/test-document","status":401,"responseTime":"4ms","userAgent":"axios/1.13.2","ip":"::1"},"pid":11208,"memory":46800896,"uptime":5485.5298141}
