{"timestamp":"2026-01-03T22:13:18.312Z","level":"PERFORMANCE","message":"slow_request","meta":{"operation":"slow_request","duration":"4860ms","method":"POST","path":"/login"},"pid":13956,"memory":62091264,"uptime":46.3176928}
{"timestamp":"2026-01-03T22:15:28.861Z","level":"PERFORMANCE","message":"slow_request","meta":{"operation":"slow_request","duration":"2669ms","method":"POST","path":"/login"},"pid":13956,"memory":66363392,"uptime":176.8670457}
{"timestamp":"2026-01-03T22:42:44.163Z","level":"PERFORMANCE","message":"slow_request","meta":{"operation":"slow_request","duration":"5819ms","method":"POST","path":"/login"},"pid":13956,"memory":66293760,"uptime":1812.1686262}
{"timestamp":"2026-01-03T22:42:44.196Z","level":"PERFORMANCE","message":"slow_request","meta":{"operation":"slow_request","duration":"5952ms","method":"POST","path":"/login"},"pid":13956,"memory":66301952,"uptime":1812.2011248}
{"timestamp":"2026-01-03T22:42:44.225Z","level":"PERFORMANCE","message":"slow_request","meta":{"operation":"slow_request","duration":"5939ms","method":"POST","path":"/login"},"pid":13956,"memory":66711552,"uptime":1812.2302051}
{"timestamp":"2026-01-03T22:42:44.391Z","level":"PERFORMANCE","message":"slow_request","meta":{"operation":"slow_request","duration":"6048ms","method":"POST","path":"/login"},"pid":13956,"memory":66658304,"uptime":1812.3960884}
{"timestamp":"2026-01-03T22:42:44.415Z","level":"PERFORMANCE","message":"slow_request","meta":{"operation":"slow_request","duration":"6148ms","method":"POST","path":"/login"},"pid":13956,"memory":66682880,"uptime":1812.4206798}
{"timestamp":"2026-01-04T00:33:49.067Z","level":"PERFORMANCE","message":"slow_request","meta":{"operation":"slow_request","duration":"3025ms","method":"POST","path":"/login"},"pid":15172,"memory":66113536,"uptime":51.5836064}
{"timestamp":"2026-01-04T07:54:03.946Z","level":"PERFORMANCE","message":"slow_request","meta":{"operation":"slow_request","duration":"15880ms","method":"GET","path":"/packages"},"pid":20760,"memory":74031104,"uptime":215.8974751}
{"timestamp":"2026-01-04T07:54:10.534Z","level":"PERFORMANCE","message":"slow_request","meta":{"operation":"slow_request","duration":"6414ms","method":"POST","path":"/consultation-booking"},"pid":20760,"memory":69832704,"uptime":222.4855322}
{"timestamp":"2026-01-04T08:24:41.034Z","level":"PERFORMANCE","message":"slow_request","meta":{"operation":"slow_request","duration":"1943ms","method":"GET","path":"/packages"},"pid":18700,"memory":73621504,"uptime":58.981825}
{"timestamp":"2026-01-04T08:28:47.633Z","level":"PERFORMANCE","message":"slow_request","meta":{"operation":"slow_request","duration":"1649ms","method":"GET","path":"/packages"},"pid":10868,"memory":73658368,"uptime":48.9908789}
{"timestamp":"2026-01-04T08:46:33.313Z","level":"PERFORMANCE","message":"slow_request","meta":{"operation":"slow_request","duration":"1427ms","method":"POST","path":"/consultation-booking"},"pid":10868,"memory":72687616,"uptime":1128.4204969}
{"timestamp":"2026-01-04T08:48:39.660Z","level":"PERFORMANCE","message":"slow_request","meta":{"operation":"slow_request","duration":"3002ms","method":"GET","path":"/packages"},"pid":21796,"memory":73617408,"uptime":27.0501954}
{"timestamp":"2026-01-04T08:48:43.574Z","level":"PERFORMANCE","message":"slow_request","meta":{"operation":"slow_request","duration":"3776ms","method":"POST","path":"/consultation-booking"},"pid":21796,"memory":73031680,"uptime":30.9640122}
{"timestamp":"2026-01-04T08:56:11.598Z","level":"PERFORMANCE","message":"slow_request","meta":{"operation":"slow_request","duration":"1199ms","method":"POST","path":"/login"},"pid":21796,"memory":73555968,"uptime":478.9855454}
{"timestamp":"2026-01-04T09:30:28.107Z","level":"PERFORMANCE","message":"slow_request","meta":{"operation":"slow_request","duration":"1362ms","method":"GET","path":"/packages"},"pid":20660,"memory":75137024,"uptime":24.2022626}
{"timestamp":"2026-01-04T09:30:41.131Z","level":"PERFORMANCE","message":"slow_request","meta":{"operation":"slow_request","duration":"12814ms","method":"POST","path":"/consultation-booking"},"pid":20660,"memory":146997248,"uptime":37.2258585}
{"timestamp":"2026-01-04T09:31:59.721Z","level":"PERFORMANCE","message":"slow_request","meta":{"operation":"slow_request","duration":"1217ms","method":"POST","path":"/consultation-booking"},"pid":20660,"memory":117501952,"uptime":115.8161331}
{"timestamp":"2026-01-04T15:25:05.453Z","level":"PERFORMANCE","message":"slow_request","meta":{"operation":"slow_request","duration":"1004ms","method":"POST","path":"/login"},"pid":20660,"memory":51556352,"uptime":21314.1801151}
{"timestamp":"2026-01-04T15:29:29.833Z","level":"PERFORMANCE","message":"slow_request","meta":{"operation":"slow_request","duration":"3938ms","method":"POST","path":"/login"},"pid":21608,"memory":71241728,"uptime":54.2675464}
{"timestamp":"2026-01-04T15:30:17.833Z","level":"PERFORMANCE","message":"slow_request","meta":{"operation":"slow_request","duration":"1640ms","method":"POST","path":"/login"},"pid":21608,"memory":71602176,"uptime":102.2668173}
{"timestamp":"2026-01-04T15:30:19.661Z","level":"PERFORMANCE","message":"slow_request","meta":{"operation":"slow_request","duration":"1772ms","method":"POST","path":"/invite","userId":"688b3986-0398-4c00-8aa9-0f14a411b378"},"pid":21608,"memory":72253440,"uptime":104.0950575}
{"timestamp":"2026-01-04T15:36:49.119Z","level":"PERFORMANCE","message":"slow_request","meta":{"operation":"slow_request","duration":"1668ms","method":"POST","path":"/login"},"pid":21608,"memory":73842688,"uptime":493.5533807}
{"timestamp":"2026-01-04T15:36:51.126Z","level":"PERFORMANCE","message":"slow_request","meta":{"operation":"slow_request","duration":"1773ms","method":"POST","path":"/invite","userId":"688b3986-0398-4c00-8aa9-0f14a411b378"},"pid":21608,"memory":74264576,"uptime":495.5594113}
{"timestamp":"2026-01-04T15:37:40.026Z","level":"PERFORMANCE","message":"slow_request","meta":{"operation":"slow_request","duration":"1448ms","method":"POST","path":"/login"},"pid":21608,"memory":74305536,"uptime":544.4602183}
{"timestamp":"2026-01-04T15:37:43.019Z","level":"PERFORMANCE","message":"slow_request","meta":{"operation":"slow_request","duration":"2271ms","method":"POST","path":"/invite","userId":"688b3986-0398-4c00-8aa9-0f14a411b378"},"pid":21608,"memory":74821632,"uptime":547.4534541}
{"timestamp":"2026-01-04T15:38:49.279Z","level":"PERFORMANCE","message":"slow_request","meta":{"operation":"slow_request","duration":"1942ms","method":"POST","path":"/login"},"pid":2288,"memory":83832832,"uptime":23.8433044}
{"timestamp":"2026-01-04T15:38:52.093Z","level":"PERFORMANCE","message":"slow_request","meta":{"operation":"slow_request","duration":"2725ms","method":"POST","path":"/invite","userId":"688b3986-0398-4c00-8aa9-0f14a411b378"},"pid":2288,"memory":84676608,"uptime":26.6572165}
{"timestamp":"2026-01-04T15:40:03.291Z","level":"PERFORMANCE","message":"slow_request","meta":{"operation":"slow_request","duration":"3230ms","method":"POST","path":"/login"},"pid":2288,"memory":73973760,"uptime":97.848651}
{"timestamp":"2026-01-04T15:40:08.969Z","level":"PERFORMANCE","message":"slow_request","meta":{"operation":"slow_request","duration":"1454ms","method":"POST","path":"/","userId":"688b3986-0398-4c00-8aa9-0f14a411b378"},"pid":2288,"memory":75014144,"uptime":103.5270668}
{"timestamp":"2026-01-04T15:55:10.752Z","level":"PERFORMANCE","message":"slow_request","meta":{"operation":"slow_request","duration":"1130ms","method":"POST","path":"/login"},"pid":20660,"memory":53858304,"uptime":23119.4779153}
{"timestamp":"2026-01-04T15:56:32.492Z","level":"PERFORMANCE","message":"slow_request","meta":{"operation":"slow_request","duration":"2158ms","method":"POST","path":"/invite","userId":"688b3986-0398-4c00-8aa9-0f14a411b378"},"pid":9820,"memory":73998336,"uptime":107.7495417}
